2020-07-15 18:22:05,235 INFO o.a.j.u.JMeterUtils: Setting Locale to en_EN
2020-07-15 18:22:05,249 INFO o.a.j.JMeter: Loading user properties from: /opt/apache-jmeter-5.3/bin/user.properties
2020-07-15 18:22:05,250 INFO o.a.j.JMeter: Loading system properties from: /opt/apache-jmeter-5.3/bin/system.properties
2020-07-15 18:22:05,251 INFO o.a.j.JMeter: Copyright (c) 1998-2020 The Apache Software Foundation
2020-07-15 18:22:05,251 INFO o.a.j.JMeter: Version 5.3
2020-07-15 18:22:05,251 INFO o.a.j.JMeter: java.version=11.0.7
2020-07-15 18:22:05,251 INFO o.a.j.JMeter: java.vm.name=OpenJDK 64-Bit Server VM
2020-07-15 18:22:05,251 INFO o.a.j.JMeter: os.name=Linux
2020-07-15 18:22:05,251 INFO o.a.j.JMeter: os.arch=amd64
2020-07-15 18:22:05,251 INFO o.a.j.JMeter: os.version=5.4.0-40-generic
2020-07-15 18:22:05,251 INFO o.a.j.JMeter: file.encoding=UTF-8
2020-07-15 18:22:05,251 INFO o.a.j.JMeter: java.awt.headless=null
2020-07-15 18:22:05,251 INFO o.a.j.JMeter: Max memory     =1073741824
2020-07-15 18:22:05,251 INFO o.a.j.JMeter: Available Processors =6
2020-07-15 18:22:05,257 INFO o.a.j.JMeter: Default Locale=English (EN)
2020-07-15 18:22:05,257 INFO o.a.j.JMeter: JMeter  Locale=English (EN)
2020-07-15 18:22:05,258 INFO o.a.j.JMeter: JMeterHome=/opt/apache-jmeter-5.3
2020-07-15 18:22:05,258 INFO o.a.j.JMeter: user.dir  =/home/ricardo/Desktop/EA-project/code/docker/jmeter
2020-07-15 18:22:05,258 INFO o.a.j.JMeter: PWD       =/home/ricardo/Desktop/EA-project/code/docker/jmeter
2020-07-15 18:22:05,258 INFO o.a.j.JMeter: IP: 127.0.1.1 Name: ubuntu-desktop FullName: ubuntu-desktop
2020-07-15 18:22:05,356 INFO o.a.j.JMeter: Setting LAF to: com.github.weisj.darklaf.DarkLaf:com.github.weisj.darklaf.theme.DarculaTheme
2020-07-15 18:22:05,516 INFO o.a.j.JMeter: Loaded icon properties from org/apache/jmeter/images/icon.properties
2020-07-15 18:22:19,733 INFO o.a.j.s.FileServer: Default base='/home/ricardo/Desktop/EA-project/code/docker/jmeter'
2020-07-15 18:22:19,736 INFO o.a.j.g.a.Load: Loading file: /home/ricardo/Desktop/EA-project/code/docker/jmeter/login-25-clients-10-mins.jmx
2020-07-15 18:22:19,736 INFO o.a.j.s.FileServer: Set new base='/home/ricardo/Desktop/EA-project/code/docker/jmeter'
2020-07-15 18:22:19,826 INFO o.a.j.s.SaveService: Testplan (JMX) version: 2.2. Testlog (JTL) version: 2.2
2020-07-15 18:22:19,836 INFO o.a.j.s.SaveService: Using SaveService properties version 5.0
2020-07-15 18:22:19,838 INFO o.a.j.s.SaveService: Using SaveService properties file encoding UTF-8
2020-07-15 18:22:19,839 INFO o.a.j.s.SaveService: Loading file: /home/ricardo/Desktop/EA-project/code/docker/jmeter/login-25-clients-10-mins.jmx
2020-07-15 18:22:19,854 INFO o.a.j.p.h.s.HTTPSamplerBase: Parser for text/html is org.apache.jmeter.protocol.http.parser.LagartoBasedHtmlParser
2020-07-15 18:22:19,854 INFO o.a.j.p.h.s.HTTPSamplerBase: Parser for application/xhtml+xml is org.apache.jmeter.protocol.http.parser.LagartoBasedHtmlParser
2020-07-15 18:22:19,854 INFO o.a.j.p.h.s.HTTPSamplerBase: Parser for application/xml is org.apache.jmeter.protocol.http.parser.LagartoBasedHtmlParser
2020-07-15 18:22:19,854 INFO o.a.j.p.h.s.HTTPSamplerBase: Parser for text/xml is org.apache.jmeter.protocol.http.parser.LagartoBasedHtmlParser
2020-07-15 18:22:19,854 INFO o.a.j.p.h.s.HTTPSamplerBase: Parser for text/vnd.wap.wml is org.apache.jmeter.protocol.http.parser.RegexpHTMLParser
2020-07-15 18:22:19,854 INFO o.a.j.p.h.s.HTTPSamplerBase: Parser for text/css is org.apache.jmeter.protocol.http.parser.CssParser
2020-07-15 18:22:19,924 INFO o.a.j.s.SampleResult: Note: Sample TimeStamps are START times
2020-07-15 18:22:19,924 INFO o.a.j.s.SampleResult: sampleresult.default.encoding is set to ISO-8859-1
2020-07-15 18:22:19,924 INFO o.a.j.s.SampleResult: sampleresult.useNanoTime=true
2020-07-15 18:22:19,924 INFO o.a.j.s.SampleResult: sampleresult.nanoThreadSleep=5000
2020-07-15 18:22:20,015 INFO o.a.j.v.ViewResultsFullVisualizer: Add JavaFX to your Java installation if you want to use renderer: org.apache.jmeter.visualizers.RenderInBrowser
2020-07-15 18:22:20,133 INFO o.a.j.s.FileServer: Set new base='/home/ricardo/Desktop/EA-project/code/docker/jmeter'
2020-07-15 18:23:19,409 INFO o.a.j.g.a.Load: Loading file: /home/ricardo/Desktop/EA-project/code/docker/jmeter/login-25-clients-10-mins.jmx
2020-07-15 18:23:19,409 INFO o.a.j.s.FileServer: Set new base='/home/ricardo/Desktop/EA-project/code/docker/jmeter'
2020-07-15 18:23:19,409 INFO o.a.j.s.SaveService: Loading file: /home/ricardo/Desktop/EA-project/code/docker/jmeter/login-25-clients-10-mins.jmx
2020-07-15 18:23:19,426 INFO o.a.j.v.ViewResultsFullVisualizer: Add JavaFX to your Java installation if you want to use renderer: org.apache.jmeter.visualizers.RenderInBrowser
2020-07-15 18:23:19,477 INFO o.a.j.s.FileServer: Set new base='/home/ricardo/Desktop/EA-project/code/docker/jmeter'
2020-07-15 18:23:34,286 INFO o.a.j.s.FileServer: Set new base='/home/ricardo/Desktop/EA-project/code/docker/jmeter'
2020-07-15 18:23:51,021 INFO o.a.j.g.a.Load: Loading file: /home/ricardo/Desktop/EA-project/code/docker/jmeter/login-100-clients-10-mins.jmx
2020-07-15 18:23:51,022 INFO o.a.j.s.FileServer: Set new base='/home/ricardo/Desktop/EA-project/code/docker/jmeter'
2020-07-15 18:23:51,022 INFO o.a.j.s.SaveService: Loading file: /home/ricardo/Desktop/EA-project/code/docker/jmeter/login-100-clients-10-mins.jmx
2020-07-15 18:23:51,034 INFO o.a.j.v.ViewResultsFullVisualizer: Add JavaFX to your Java installation if you want to use renderer: org.apache.jmeter.visualizers.RenderInBrowser
2020-07-15 18:23:51,081 INFO o.a.j.s.FileServer: Set new base='/home/ricardo/Desktop/EA-project/code/docker/jmeter'
2020-07-15 18:24:03,018 INFO o.a.j.s.FileServer: Set new base='/home/ricardo/Desktop/EA-project/code/docker/jmeter'
2020-07-15 18:24:16,708 INFO o.a.j.g.a.Load: Loading file: /home/ricardo/Desktop/EA-project/code/docker/jmeter/login-250-clients-10-mins.jmx
2020-07-15 18:24:16,708 INFO o.a.j.s.FileServer: Set new base='/home/ricardo/Desktop/EA-project/code/docker/jmeter'
2020-07-15 18:24:16,708 INFO o.a.j.s.SaveService: Loading file: /home/ricardo/Desktop/EA-project/code/docker/jmeter/login-250-clients-10-mins.jmx
2020-07-15 18:24:16,721 INFO o.a.j.v.ViewResultsFullVisualizer: Add JavaFX to your Java installation if you want to use renderer: org.apache.jmeter.visualizers.RenderInBrowser
2020-07-15 18:24:16,759 INFO o.a.j.s.FileServer: Set new base='/home/ricardo/Desktop/EA-project/code/docker/jmeter'
2020-07-15 18:24:30,896 INFO o.a.j.s.FileServer: Set new base='/home/ricardo/Desktop/EA-project/code/docker/jmeter'
