2020-07-13 12:05:59,985 INFO o.a.j.u.JMeterUtils: Setting Locale to en_EN
2020-07-13 12:06:00,040 INFO o.a.j.JMeter: Loading user properties from: /Users/joaomarques/mybins/apache-jmeter-5.2.1/bin/user.properties
2020-07-13 12:06:00,041 INFO o.a.j.JMeter: Loading system properties from: /Users/joaomarques/mybins/apache-jmeter-5.2.1/bin/system.properties
2020-07-13 12:06:00,043 INFO o.a.j.JMeter: Copyright (c) 1998-2019 The Apache Software Foundation
2020-07-13 12:06:00,043 INFO o.a.j.JMeter: Version 5.2.1
2020-07-13 12:06:00,043 INFO o.a.j.JMeter: java.version=14.0.1
2020-07-13 12:06:00,044 INFO o.a.j.JMeter: java.vm.name=OpenJDK 64-Bit Server VM
2020-07-13 12:06:00,044 INFO o.a.j.JMeter: os.name=Mac OS X
2020-07-13 12:06:00,044 INFO o.a.j.JMeter: os.arch=x86_64
2020-07-13 12:06:00,044 INFO o.a.j.JMeter: os.version=10.15.5
2020-07-13 12:06:00,044 INFO o.a.j.JMeter: file.encoding=UTF-8
2020-07-13 12:06:00,044 INFO o.a.j.JMeter: java.awt.headless=null
2020-07-13 12:06:00,044 INFO o.a.j.JMeter: Max memory     =1073741824
2020-07-13 12:06:00,044 INFO o.a.j.JMeter: Available Processors =4
2020-07-13 12:06:00,074 INFO o.a.j.JMeter: Default Locale=English (EN)
2020-07-13 12:06:00,075 INFO o.a.j.JMeter: JMeter  Locale=English (EN)
2020-07-13 12:06:00,075 INFO o.a.j.JMeter: JMeterHome=/Users/joaomarques/mybins/apache-jmeter-5.2.1
2020-07-13 12:06:00,075 INFO o.a.j.JMeter: user.dir  =/Users/joaomarques/Universidade/MIEI/4º ano/2º semestre/Projeto EA/EA-project/code/docker
2020-07-13 12:06:00,075 INFO o.a.j.JMeter: PWD       =/Users/joaomarques/Universidade/MIEI/4º ano/2º semestre/Projeto EA/EA-project/code/docker
2020-07-13 12:06:00,089 INFO o.a.j.JMeter: IP: 192.168.1.139 Name: Marquess-MBP.lan FullName: marquess-mbp.lan
2020-07-13 12:06:02,606 INFO o.a.j.g.a.LookAndFeelCommand: Installing Darcula LAF
2020-07-13 12:06:02,660 INFO o.a.j.g.a.LookAndFeelCommand: Using look and feel: com.bulenkov.darcula.DarculaLaf [Darcula]
2020-07-13 12:06:02,661 INFO o.a.j.JMeter: Setting LAF to: com.bulenkov.darcula.DarculaLaf
2020-07-13 12:06:02,821 INFO o.a.j.JMeter: Loaded icon properties from org/apache/jmeter/images/icon.properties
2020-07-13 12:06:06,204 INFO o.a.j.p.h.s.HTTPSamplerBase: Parser for text/html is org.apache.jmeter.protocol.http.parser.LagartoBasedHtmlParser
2020-07-13 12:06:06,205 INFO o.a.j.p.h.s.HTTPSamplerBase: Parser for application/xhtml+xml is org.apache.jmeter.protocol.http.parser.LagartoBasedHtmlParser
2020-07-13 12:06:06,205 INFO o.a.j.p.h.s.HTTPSamplerBase: Parser for application/xml is org.apache.jmeter.protocol.http.parser.LagartoBasedHtmlParser
2020-07-13 12:06:06,205 INFO o.a.j.p.h.s.HTTPSamplerBase: Parser for text/xml is org.apache.jmeter.protocol.http.parser.LagartoBasedHtmlParser
2020-07-13 12:06:06,205 INFO o.a.j.p.h.s.HTTPSamplerBase: Parser for text/vnd.wap.wml is org.apache.jmeter.protocol.http.parser.RegexpHTMLParser
2020-07-13 12:06:06,205 INFO o.a.j.p.h.s.HTTPSamplerBase: Parser for text/css is org.apache.jmeter.protocol.http.parser.CssParser
2020-07-13 12:06:06,810 INFO o.a.j.e.KeyToolUtils: keytool found at 'keytool'
2020-07-13 12:06:06,811 INFO o.a.j.p.h.p.ProxyControl: HTTP(S) Test Script Recorder SSL Proxy will use keys that support embedded 3rd party resources in file /Users/joaomarques/mybins/apache-jmeter-5.2.1/bin/proxyserver.jks
2020-07-13 12:06:06,987 INFO o.a.j.s.FileServer: Default base='/Users/joaomarques/Universidade/MIEI/4º ano/2º semestre/Projeto EA/EA-project/code/docker'
2020-07-13 12:06:07,405 INFO o.a.j.s.SampleResult: Note: Sample TimeStamps are START times
2020-07-13 12:06:07,406 INFO o.a.j.s.SampleResult: sampleresult.default.encoding is set to ISO-8859-1
2020-07-13 12:06:07,406 INFO o.a.j.s.SampleResult: sampleresult.useNanoTime=true
2020-07-13 12:06:07,406 INFO o.a.j.s.SampleResult: sampleresult.nanoThreadSleep=5000
2020-07-13 12:06:07,432 INFO o.a.j.v.ViewResultsFullVisualizer: Add JavaFX to your Java installation if you want to use renderer: org.apache.jmeter.visualizers.RenderInBrowser
2020-07-13 12:07:37,970 INFO o.a.j.v.ViewResultsFullVisualizer: Add JavaFX to your Java installation if you want to use renderer: org.apache.jmeter.visualizers.RenderInBrowser
2020-07-13 12:08:09,824 INFO o.a.j.e.StandardJMeterEngine: Running the test!
2020-07-13 12:08:09,828 INFO o.a.j.s.SampleEvent: List of sample_variables: []
2020-07-13 12:08:09,830 INFO o.a.j.s.SampleEvent: List of sample_variables: []
2020-07-13 12:08:09,837 INFO o.a.j.e.u.CompoundVariable: Note: Function class names must contain the string: '.functions.'
2020-07-13 12:08:09,837 INFO o.a.j.e.u.CompoundVariable: Note: Function class names must not contain the string: '.gui.'
2020-07-13 12:08:10,320 INFO o.a.j.g.u.JMeterMenuBar: setRunning(true, *local*)
2020-07-13 12:08:10,442 INFO o.a.j.e.StandardJMeterEngine: Starting ThreadGroup: 1 : Thread Group
2020-07-13 12:08:10,443 INFO o.a.j.e.StandardJMeterEngine: Starting 250 threads for group Thread Group.
2020-07-13 12:08:10,443 INFO o.a.j.e.StandardJMeterEngine: Thread will continue on error
2020-07-13 12:08:10,443 INFO o.a.j.t.ThreadGroup: Starting thread group... number=1 threads=250 ramp-up=1 delayedStart=false
2020-07-13 12:08:10,457 INFO o.a.j.t.JMeterThread: Thread started: Thread Group 1-1
2020-07-13 12:08:10,459 INFO o.a.j.t.JMeterThread: Thread started: Thread Group 1-2
2020-07-13 12:08:10,462 INFO o.a.j.t.JMeterThread: Thread started: Thread Group 1-3
2020-07-13 12:08:10,471 INFO o.a.j.t.JMeterThread: Thread started: Thread Group 1-4
2020-07-13 12:08:10,473 INFO o.a.j.t.JMeterThread: Thread started: Thread Group 1-5
2020-07-13 12:08:10,477 INFO o.a.j.t.JMeterThread: Thread started: Thread Group 1-6
2020-07-13 12:08:10,480 INFO o.a.j.t.JMeterThread: Thread started: Thread Group 1-7
2020-07-13 12:08:10,486 INFO o.a.j.t.JMeterThread: Thread started: Thread Group 1-9
2020-07-13 12:08:10,486 INFO o.a.j.t.JMeterThread: Thread started: Thread Group 1-10
2020-07-13 12:08:10,488 INFO o.a.j.t.JMeterThread: Thread started: Thread Group 1-8
2020-07-13 12:08:10,489 INFO o.a.j.t.JMeterThread: Thread started: Thread Group 1-11
2020-07-13 12:08:10,490 INFO o.a.j.t.JMeterThread: Thread started: Thread Group 1-12
2020-07-13 12:08:10,492 INFO o.a.j.t.JMeterThread: Thread started: Thread Group 1-13
2020-07-13 12:08:10,493 INFO o.a.j.p.h.s.HTTPHCAbstractImpl: Local host = Marquess-MBP.lan
2020-07-13 12:08:10,496 INFO o.a.j.t.JMeterThread: Thread started: Thread Group 1-14
2020-07-13 12:08:10,501 INFO o.a.j.t.JMeterThread: Thread started: Thread Group 1-15
2020-07-13 12:08:10,504 INFO o.a.j.t.JMeterThread: Thread started: Thread Group 1-16
2020-07-13 12:08:10,507 INFO o.a.j.p.h.s.HTTPHC4Impl: HTTP request retry count = 0
2020-07-13 12:08:10,509 INFO o.a.j.t.JMeterThread: Thread started: Thread Group 1-17
2020-07-13 12:08:10,515 INFO o.a.j.t.JMeterThread: Thread started: Thread Group 1-18
2020-07-13 12:08:10,518 INFO o.a.j.t.JMeterThread: Thread started: Thread Group 1-19
2020-07-13 12:08:10,522 INFO o.a.j.t.JMeterThread: Thread started: Thread Group 1-20
2020-07-13 12:08:10,526 INFO o.a.j.t.JMeterThread: Thread started: Thread Group 1-21
2020-07-13 12:08:10,529 INFO o.a.j.t.JMeterThread: Thread started: Thread Group 1-22
2020-07-13 12:08:10,534 INFO o.a.j.t.JMeterThread: Thread started: Thread Group 1-23
2020-07-13 12:08:10,538 INFO o.a.j.t.JMeterThread: Thread started: Thread Group 1-24
2020-07-13 12:08:10,541 INFO o.a.j.t.JMeterThread: Thread started: Thread Group 1-25
2020-07-13 12:08:10,548 INFO o.a.j.t.JMeterThread: Thread started: Thread Group 1-27
2020-07-13 12:08:10,548 INFO o.a.j.t.JMeterThread: Thread started: Thread Group 1-26
2020-07-13 12:08:10,556 INFO o.a.j.t.JMeterThread: Thread started: Thread Group 1-28
2020-07-13 12:08:10,556 INFO o.a.j.t.JMeterThread: Thread started: Thread Group 1-29
2020-07-13 12:08:10,561 INFO o.a.j.t.JMeterThread: Thread started: Thread Group 1-30
2020-07-13 12:08:10,569 INFO o.a.j.t.JMeterThread: Thread started: Thread Group 1-32
2020-07-13 12:08:10,570 INFO o.a.j.t.JMeterThread: Thread started: Thread Group 1-31
2020-07-13 12:08:10,575 INFO o.a.j.t.JMeterThread: Thread started: Thread Group 1-33
2020-07-13 12:08:10,577 INFO o.a.j.t.JMeterThread: Thread started: Thread Group 1-34
2020-07-13 12:08:10,580 INFO o.a.j.t.JMeterThread: Thread started: Thread Group 1-35
2020-07-13 12:08:10,586 INFO o.a.j.t.JMeterThread: Thread started: Thread Group 1-36
2020-07-13 12:08:10,590 INFO o.a.j.t.JMeterThread: Thread started: Thread Group 1-37
2020-07-13 12:08:10,592 INFO o.a.j.t.JMeterThread: Thread started: Thread Group 1-38
2020-07-13 12:08:10,600 INFO o.a.j.t.JMeterThread: Thread started: Thread Group 1-39
2020-07-13 12:08:10,600 INFO o.a.j.t.JMeterThread: Thread started: Thread Group 1-40
2020-07-13 12:08:10,606 INFO o.a.j.t.JMeterThread: Thread started: Thread Group 1-41
2020-07-13 12:08:10,609 INFO o.a.j.t.JMeterThread: Thread started: Thread Group 1-42
2020-07-13 12:08:10,613 INFO o.a.j.t.JMeterThread: Thread started: Thread Group 1-43
2020-07-13 12:08:10,619 INFO o.a.j.t.JMeterThread: Thread started: Thread Group 1-44
2020-07-13 12:08:10,624 INFO o.a.j.t.JMeterThread: Thread started: Thread Group 1-46
2020-07-13 12:08:10,627 INFO o.a.j.t.JMeterThread: Thread started: Thread Group 1-45
2020-07-13 12:08:10,630 INFO o.a.j.t.JMeterThread: Thread started: Thread Group 1-47
2020-07-13 12:08:10,635 INFO o.a.j.t.JMeterThread: Thread started: Thread Group 1-48
2020-07-13 12:08:10,639 INFO o.a.j.t.JMeterThread: Thread started: Thread Group 1-49
2020-07-13 12:08:10,641 INFO o.a.j.t.JMeterThread: Thread started: Thread Group 1-50
2020-07-13 12:08:10,648 INFO o.a.j.t.JMeterThread: Thread started: Thread Group 1-51
2020-07-13 12:08:10,651 INFO o.a.j.t.JMeterThread: Thread started: Thread Group 1-52
2020-07-13 12:08:10,658 INFO o.a.j.t.JMeterThread: Thread started: Thread Group 1-53
2020-07-13 12:08:10,660 INFO o.a.j.t.JMeterThread: Thread started: Thread Group 1-54
2020-07-13 12:08:10,661 INFO o.a.j.t.JMeterThread: Thread started: Thread Group 1-55
2020-07-13 12:08:10,665 INFO o.a.j.t.JMeterThread: Thread started: Thread Group 1-56
2020-07-13 12:08:10,667 INFO o.a.j.t.ThreadGroup: Started thread group number 1
2020-07-13 12:08:10,668 INFO o.a.j.e.StandardJMeterEngine: All thread groups have been started
2020-07-13 12:08:10,673 INFO o.a.j.t.JMeterThread: Thread started: Thread Group 1-57
2020-07-13 12:08:10,676 INFO o.a.j.t.JMeterThread: Thread started: Thread Group 1-58
2020-07-13 12:08:10,681 INFO o.a.j.t.JMeterThread: Thread started: Thread Group 1-59
2020-07-13 12:08:10,683 INFO o.a.j.t.JMeterThread: Thread started: Thread Group 1-60
2020-07-13 12:08:10,688 INFO o.a.j.t.JMeterThread: Thread started: Thread Group 1-61
2020-07-13 12:08:10,690 INFO o.a.j.t.JMeterThread: Thread started: Thread Group 1-62
2020-07-13 12:08:10,695 INFO o.a.j.t.JMeterThread: Thread started: Thread Group 1-63
2020-07-13 12:08:10,696 INFO o.a.j.t.JMeterThread: Thread started: Thread Group 1-64
2020-07-13 12:08:10,701 INFO o.a.j.t.JMeterThread: Thread started: Thread Group 1-65
2020-07-13 12:08:10,706 INFO o.a.j.t.JMeterThread: Thread started: Thread Group 1-66
2020-07-13 12:08:10,714 INFO o.a.j.t.JMeterThread: Thread started: Thread Group 1-67
2020-07-13 12:08:10,716 INFO o.a.j.t.JMeterThread: Thread started: Thread Group 1-68
2020-07-13 12:08:10,718 INFO o.a.j.t.JMeterThread: Thread started: Thread Group 1-69
2020-07-13 12:08:10,723 INFO o.a.j.t.JMeterThread: Thread started: Thread Group 1-70
2020-07-13 12:08:10,726 INFO o.a.j.t.JMeterThread: Thread started: Thread Group 1-71
2020-07-13 12:08:10,728 INFO o.a.j.t.JMeterThread: Thread started: Thread Group 1-72
2020-07-13 12:08:10,732 INFO o.a.j.t.JMeterThread: Thread started: Thread Group 1-73
2020-07-13 12:08:10,740 INFO o.a.j.t.JMeterThread: Thread started: Thread Group 1-75
2020-07-13 12:08:10,740 INFO o.a.j.t.JMeterThread: Thread started: Thread Group 1-74
2020-07-13 12:08:10,745 INFO o.a.j.t.JMeterThread: Thread started: Thread Group 1-76
2020-07-13 12:08:10,751 INFO o.a.j.t.JMeterThread: Thread started: Thread Group 1-77
2020-07-13 12:08:10,756 INFO o.a.j.t.JMeterThread: Thread started: Thread Group 1-78
2020-07-13 12:08:10,757 INFO o.a.j.t.JMeterThread: Thread started: Thread Group 1-79
2020-07-13 12:08:10,762 INFO o.a.j.t.JMeterThread: Thread started: Thread Group 1-80
2020-07-13 12:08:10,766 INFO o.a.j.t.JMeterThread: Thread started: Thread Group 1-81
2020-07-13 12:08:10,768 INFO o.a.j.t.JMeterThread: Thread started: Thread Group 1-82
2020-07-13 12:08:10,773 INFO o.a.j.t.JMeterThread: Thread started: Thread Group 1-83
2020-07-13 12:08:10,777 INFO o.a.j.t.JMeterThread: Thread started: Thread Group 1-84
2020-07-13 12:08:10,783 INFO o.a.j.t.JMeterThread: Thread started: Thread Group 1-85
2020-07-13 12:08:10,785 INFO o.a.j.t.JMeterThread: Thread started: Thread Group 1-86
2020-07-13 12:08:10,790 INFO o.a.j.t.JMeterThread: Thread started: Thread Group 1-87
2020-07-13 12:08:10,797 INFO o.a.j.t.JMeterThread: Thread started: Thread Group 1-88
2020-07-13 12:08:10,797 INFO o.a.j.t.JMeterThread: Thread started: Thread Group 1-89
2020-07-13 12:08:10,803 INFO o.a.j.t.JMeterThread: Thread started: Thread Group 1-90
2020-07-13 12:08:10,806 INFO o.a.j.t.JMeterThread: Thread started: Thread Group 1-91
2020-07-13 12:08:10,811 INFO o.a.j.t.JMeterThread: Thread started: Thread Group 1-92
2020-07-13 12:08:10,815 INFO o.a.j.t.JMeterThread: Thread started: Thread Group 1-93
2020-07-13 12:08:10,816 INFO o.a.j.t.JMeterThread: Thread started: Thread Group 1-94
2020-07-13 12:08:10,820 INFO o.a.j.t.JMeterThread: Thread started: Thread Group 1-95
2020-07-13 12:08:10,826 INFO o.a.j.t.JMeterThread: Thread started: Thread Group 1-96
2020-07-13 12:08:10,830 INFO o.a.j.t.JMeterThread: Thread started: Thread Group 1-97
2020-07-13 12:08:10,836 INFO o.a.j.t.JMeterThread: Thread started: Thread Group 1-98
2020-07-13 12:08:10,840 INFO o.a.j.t.JMeterThread: Thread started: Thread Group 1-99
2020-07-13 12:08:10,841 INFO o.a.j.t.JMeterThread: Thread started: Thread Group 1-100
2020-07-13 12:08:10,844 INFO o.a.j.t.JMeterThread: Thread started: Thread Group 1-101
2020-07-13 12:08:10,848 INFO o.a.j.t.JMeterThread: Thread started: Thread Group 1-102
2020-07-13 12:08:10,856 INFO o.a.j.t.JMeterThread: Thread started: Thread Group 1-103
2020-07-13 12:08:10,861 INFO o.a.j.t.JMeterThread: Thread started: Thread Group 1-104
2020-07-13 12:08:10,862 INFO o.a.j.t.JMeterThread: Thread started: Thread Group 1-105
2020-07-13 12:08:10,868 INFO o.a.j.t.JMeterThread: Thread started: Thread Group 1-106
2020-07-13 12:08:10,869 INFO o.a.j.t.JMeterThread: Thread started: Thread Group 1-107
2020-07-13 12:08:10,875 INFO o.a.j.t.JMeterThread: Thread started: Thread Group 1-108
2020-07-13 12:08:10,879 INFO o.a.j.t.JMeterThread: Thread started: Thread Group 1-109
2020-07-13 12:08:10,883 INFO o.a.j.t.JMeterThread: Thread started: Thread Group 1-110
2020-07-13 12:08:10,887 INFO o.a.j.t.JMeterThread: Thread started: Thread Group 1-111
2020-07-13 12:08:10,893 INFO o.a.j.t.JMeterThread: Thread started: Thread Group 1-112
2020-07-13 12:08:10,895 INFO o.a.j.t.JMeterThread: Thread started: Thread Group 1-113
2020-07-13 12:08:10,898 INFO o.a.j.t.JMeterThread: Thread started: Thread Group 1-114
2020-07-13 12:08:10,902 INFO o.a.j.t.JMeterThread: Thread started: Thread Group 1-115
2020-07-13 12:08:10,907 INFO o.a.j.t.JMeterThread: Thread started: Thread Group 1-116
2020-07-13 12:08:10,910 INFO o.a.j.t.JMeterThread: Thread started: Thread Group 1-117
2020-07-13 12:08:10,915 INFO o.a.j.t.JMeterThread: Thread started: Thread Group 1-118
2020-07-13 12:08:10,919 INFO o.a.j.t.JMeterThread: Thread started: Thread Group 1-119
2020-07-13 12:08:10,922 INFO o.a.j.t.JMeterThread: Thread started: Thread Group 1-120
2020-07-13 12:08:10,926 INFO o.a.j.t.JMeterThread: Thread started: Thread Group 1-121
2020-07-13 12:08:10,929 INFO o.a.j.t.JMeterThread: Thread started: Thread Group 1-122
2020-07-13 12:08:10,935 INFO o.a.j.t.JMeterThread: Thread started: Thread Group 1-123
2020-07-13 12:08:10,940 INFO o.a.j.t.JMeterThread: Thread started: Thread Group 1-124
2020-07-13 12:08:10,943 INFO o.a.j.t.JMeterThread: Thread started: Thread Group 1-125
2020-07-13 12:08:10,946 INFO o.a.j.t.JMeterThread: Thread started: Thread Group 1-126
2020-07-13 12:08:10,948 INFO o.a.j.t.JMeterThread: Thread started: Thread Group 1-127
2020-07-13 12:08:10,956 INFO o.a.j.t.JMeterThread: Thread started: Thread Group 1-128
2020-07-13 12:08:10,959 INFO o.a.j.t.JMeterThread: Thread started: Thread Group 1-129
2020-07-13 12:08:10,962 INFO o.a.j.t.JMeterThread: Thread started: Thread Group 1-130
2020-07-13 12:08:10,967 INFO o.a.j.t.JMeterThread: Thread started: Thread Group 1-131
2020-07-13 12:08:10,968 INFO o.a.j.t.JMeterThread: Thread started: Thread Group 1-132
2020-07-13 12:08:10,976 INFO o.a.j.t.JMeterThread: Thread started: Thread Group 1-133
2020-07-13 12:08:10,979 INFO o.a.j.t.JMeterThread: Thread started: Thread Group 1-134
2020-07-13 12:08:10,982 INFO o.a.j.t.JMeterThread: Thread started: Thread Group 1-135
2020-07-13 12:08:10,985 INFO o.a.j.t.JMeterThread: Thread started: Thread Group 1-136
2020-07-13 12:08:10,992 INFO o.a.j.t.JMeterThread: Thread started: Thread Group 1-137
2020-07-13 12:08:10,995 INFO o.a.j.t.JMeterThread: Thread started: Thread Group 1-138
2020-07-13 12:08:11,001 INFO o.a.j.t.JMeterThread: Thread started: Thread Group 1-139
2020-07-13 12:08:11,001 INFO o.a.j.t.JMeterThread: Thread started: Thread Group 1-140
2020-07-13 12:08:11,006 INFO o.a.j.t.JMeterThread: Thread started: Thread Group 1-141
2020-07-13 12:08:11,014 INFO o.a.j.t.JMeterThread: Thread started: Thread Group 1-142
2020-07-13 12:08:11,015 INFO o.a.j.t.JMeterThread: Thread started: Thread Group 1-143
2020-07-13 12:08:11,020 INFO o.a.j.t.JMeterThread: Thread started: Thread Group 1-144
2020-07-13 12:08:11,022 INFO o.a.j.t.JMeterThread: Thread started: Thread Group 1-145
2020-07-13 12:08:11,027 INFO o.a.j.t.JMeterThread: Thread started: Thread Group 1-146
2020-07-13 12:08:11,028 INFO o.a.j.t.JMeterThread: Thread started: Thread Group 1-147
2020-07-13 12:08:11,035 INFO o.a.j.t.JMeterThread: Thread started: Thread Group 1-148
2020-07-13 12:08:11,041 INFO o.a.j.t.JMeterThread: Thread started: Thread Group 1-149
2020-07-13 12:08:11,042 INFO o.a.j.t.JMeterThread: Thread started: Thread Group 1-150
2020-07-13 12:08:11,047 INFO o.a.j.t.JMeterThread: Thread started: Thread Group 1-151
2020-07-13 12:08:11,049 INFO o.a.j.t.JMeterThread: Thread started: Thread Group 1-152
2020-07-13 12:08:11,056 INFO o.a.j.t.JMeterThread: Thread started: Thread Group 1-153
2020-07-13 12:08:11,059 INFO o.a.j.t.JMeterThread: Thread started: Thread Group 1-154
2020-07-13 12:08:11,064 INFO o.a.j.t.JMeterThread: Thread started: Thread Group 1-155
2020-07-13 12:08:11,068 INFO o.a.j.t.JMeterThread: Thread started: Thread Group 1-156
2020-07-13 12:08:11,069 INFO o.a.j.t.JMeterThread: Thread started: Thread Group 1-157
2020-07-13 12:08:11,076 INFO o.a.j.t.JMeterThread: Thread started: Thread Group 1-158
2020-07-13 12:08:11,077 INFO o.a.j.t.JMeterThread: Thread started: Thread Group 1-159
2020-07-13 12:08:11,080 INFO o.a.j.t.JMeterThread: Thread started: Thread Group 1-160
2020-07-13 12:08:11,084 INFO o.a.j.t.JMeterThread: Thread started: Thread Group 1-161
2020-07-13 12:08:11,090 INFO o.a.j.t.JMeterThread: Thread started: Thread Group 1-162
2020-07-13 12:08:11,096 INFO o.a.j.t.JMeterThread: Thread started: Thread Group 1-163
2020-07-13 12:08:11,099 INFO o.a.j.t.JMeterThread: Thread started: Thread Group 1-164
2020-07-13 12:08:11,103 INFO o.a.j.t.JMeterThread: Thread started: Thread Group 1-165
2020-07-13 12:08:11,106 INFO o.a.j.t.JMeterThread: Thread started: Thread Group 1-166
2020-07-13 12:08:11,114 INFO o.a.j.t.JMeterThread: Thread started: Thread Group 1-167
2020-07-13 12:08:11,115 INFO o.a.j.t.JMeterThread: Thread started: Thread Group 1-168
2020-07-13 12:08:11,118 INFO o.a.j.t.JMeterThread: Thread started: Thread Group 1-169
2020-07-13 12:08:11,122 INFO o.a.j.t.JMeterThread: Thread started: Thread Group 1-170
2020-07-13 12:08:11,126 INFO o.a.j.t.JMeterThread: Thread started: Thread Group 1-171
2020-07-13 12:08:11,130 INFO o.a.j.t.JMeterThread: Thread started: Thread Group 1-172
2020-07-13 12:08:11,135 INFO o.a.j.t.JMeterThread: Thread started: Thread Group 1-173
2020-07-13 12:08:11,140 INFO o.a.j.t.JMeterThread: Thread started: Thread Group 1-174
2020-07-13 12:08:11,140 INFO o.a.j.t.JMeterThread: Thread started: Thread Group 1-175
2020-07-13 12:08:11,145 INFO o.a.j.t.JMeterThread: Thread started: Thread Group 1-176
2020-07-13 12:08:11,152 INFO o.a.j.t.JMeterThread: Thread started: Thread Group 1-177
2020-07-13 12:08:11,156 INFO o.a.j.t.JMeterThread: Thread started: Thread Group 1-178
2020-07-13 12:08:11,159 INFO o.a.j.t.JMeterThread: Thread started: Thread Group 1-179
2020-07-13 12:08:11,161 INFO o.a.j.t.JMeterThread: Thread started: Thread Group 1-180
2020-07-13 12:08:11,165 INFO o.a.j.t.JMeterThread: Thread started: Thread Group 1-181
2020-07-13 12:08:11,170 INFO o.a.j.t.JMeterThread: Thread started: Thread Group 1-182
2020-07-13 12:08:11,175 INFO o.a.j.t.JMeterThread: Thread started: Thread Group 1-183
2020-07-13 12:08:11,176 INFO o.a.j.t.JMeterThread: Thread started: Thread Group 1-184
2020-07-13 12:08:11,180 INFO o.a.j.t.JMeterThread: Thread started: Thread Group 1-185
2020-07-13 12:08:11,187 INFO o.a.j.t.JMeterThread: Thread started: Thread Group 1-186
2020-07-13 12:08:11,190 INFO o.a.j.t.JMeterThread: Thread started: Thread Group 1-187
2020-07-13 12:08:11,195 INFO o.a.j.t.JMeterThread: Thread started: Thread Group 1-188
2020-07-13 12:08:11,196 INFO o.a.j.t.JMeterThread: Thread started: Thread Group 1-189
2020-07-13 12:08:11,200 INFO o.a.j.t.JMeterThread: Thread started: Thread Group 1-190
2020-07-13 12:08:11,207 INFO o.a.j.t.JMeterThread: Thread started: Thread Group 1-191
2020-07-13 12:08:11,210 INFO o.a.j.t.JMeterThread: Thread started: Thread Group 1-192
2020-07-13 12:08:11,212 INFO o.a.j.t.JMeterThread: Thread started: Thread Group 1-193
2020-07-13 12:08:11,217 INFO o.a.j.t.JMeterThread: Thread started: Thread Group 1-194
2020-07-13 12:08:11,221 INFO o.a.j.t.JMeterThread: Thread started: Thread Group 1-195
2020-07-13 12:08:11,226 INFO o.a.j.t.JMeterThread: Thread started: Thread Group 1-196
2020-07-13 12:08:11,231 INFO o.a.j.t.JMeterThread: Thread started: Thread Group 1-197
2020-07-13 12:08:11,237 INFO o.a.j.t.JMeterThread: Thread started: Thread Group 1-198
2020-07-13 12:08:11,240 INFO o.a.j.t.JMeterThread: Thread started: Thread Group 1-199
2020-07-13 12:08:11,241 INFO o.a.j.t.JMeterThread: Thread started: Thread Group 1-200
2020-07-13 12:08:11,248 INFO o.a.j.t.JMeterThread: Thread started: Thread Group 1-201
2020-07-13 12:08:11,248 INFO o.a.j.t.JMeterThread: Thread started: Thread Group 1-202
2020-07-13 12:08:11,256 INFO o.a.j.t.JMeterThread: Thread started: Thread Group 1-203
2020-07-13 12:08:11,261 INFO o.a.j.t.JMeterThread: Thread started: Thread Group 1-204
2020-07-13 12:08:11,263 INFO o.a.j.t.JMeterThread: Thread started: Thread Group 1-205
2020-07-13 12:08:11,265 INFO o.a.j.t.JMeterThread: Thread started: Thread Group 1-206
2020-07-13 12:08:11,271 INFO o.a.j.t.JMeterThread: Thread started: Thread Group 1-207
2020-07-13 12:08:11,274 INFO o.a.j.t.JMeterThread: Thread started: Thread Group 1-208
2020-07-13 12:08:11,279 INFO o.a.j.t.JMeterThread: Thread started: Thread Group 1-209
2020-07-13 12:08:11,281 INFO o.a.j.t.JMeterThread: Thread started: Thread Group 1-210
2020-07-13 12:08:11,286 INFO o.a.j.t.JMeterThread: Thread started: Thread Group 1-211
2020-07-13 12:08:11,290 INFO o.a.j.t.JMeterThread: Thread started: Thread Group 1-212
2020-07-13 12:08:11,296 INFO o.a.j.t.JMeterThread: Thread started: Thread Group 1-213
2020-07-13 12:08:11,297 INFO o.a.j.t.JMeterThread: Thread started: Thread Group 1-214
2020-07-13 12:08:11,304 INFO o.a.j.t.JMeterThread: Thread started: Thread Group 1-215
2020-07-13 12:08:11,306 INFO o.a.j.t.JMeterThread: Thread started: Thread Group 1-216
2020-07-13 12:08:11,311 INFO o.a.j.t.JMeterThread: Thread started: Thread Group 1-217
2020-07-13 12:08:11,312 INFO o.a.j.t.JMeterThread: Thread started: Thread Group 1-218
2020-07-13 12:08:11,317 INFO o.a.j.t.JMeterThread: Thread started: Thread Group 1-219
2020-07-13 12:08:11,346 INFO o.a.j.t.JMeterThread: Thread started: Thread Group 1-220
2020-07-13 12:08:11,346 INFO o.a.j.t.JMeterThread: Thread started: Thread Group 1-221
2020-07-13 12:08:11,347 INFO o.a.j.t.JMeterThread: Thread started: Thread Group 1-222
2020-07-13 12:08:11,348 INFO o.a.j.t.JMeterThread: Thread started: Thread Group 1-224
2020-07-13 12:08:11,349 INFO o.a.j.t.JMeterThread: Thread started: Thread Group 1-226
2020-07-13 12:08:11,348 INFO o.a.j.t.JMeterThread: Thread started: Thread Group 1-223
2020-07-13 12:08:11,349 INFO o.a.j.t.JMeterThread: Thread started: Thread Group 1-225
2020-07-13 12:08:11,354 INFO o.a.j.t.JMeterThread: Thread started: Thread Group 1-227
2020-07-13 12:08:11,356 INFO o.a.j.t.JMeterThread: Thread started: Thread Group 1-228
2020-07-13 12:08:11,356 INFO o.a.j.t.JMeterThread: Thread started: Thread Group 1-229
2020-07-13 12:08:11,361 INFO o.a.j.t.JMeterThread: Thread started: Thread Group 1-230
2020-07-13 12:08:11,366 INFO o.a.j.t.JMeterThread: Thread started: Thread Group 1-231
2020-07-13 12:08:11,368 INFO o.a.j.t.JMeterThread: Thread started: Thread Group 1-232
2020-07-13 12:08:11,371 INFO o.a.j.t.JMeterThread: Thread started: Thread Group 1-233
2020-07-13 12:08:11,379 INFO o.a.j.t.JMeterThread: Thread started: Thread Group 1-234
2020-07-13 12:08:11,382 INFO o.a.j.t.JMeterThread: Thread started: Thread Group 1-235
2020-07-13 12:08:11,384 INFO o.a.j.t.JMeterThread: Thread started: Thread Group 1-236
2020-07-13 12:08:11,392 INFO o.a.j.t.JMeterThread: Thread started: Thread Group 1-237
2020-07-13 12:08:11,394 INFO o.a.j.t.JMeterThread: Thread started: Thread Group 1-238
2020-07-13 12:08:11,398 INFO o.a.j.t.JMeterThread: Thread started: Thread Group 1-239
2020-07-13 12:08:11,404 INFO o.a.j.t.JMeterThread: Thread started: Thread Group 1-240
2020-07-13 12:08:11,407 INFO o.a.j.t.JMeterThread: Thread started: Thread Group 1-241
2020-07-13 12:08:11,410 INFO o.a.j.t.JMeterThread: Thread started: Thread Group 1-242
2020-07-13 12:08:11,415 INFO o.a.j.t.JMeterThread: Thread started: Thread Group 1-243
2020-07-13 12:08:11,418 INFO o.a.j.t.JMeterThread: Thread started: Thread Group 1-244
2020-07-13 12:08:11,422 INFO o.a.j.t.JMeterThread: Thread started: Thread Group 1-245
2020-07-13 12:08:11,426 INFO o.a.j.t.JMeterThread: Thread started: Thread Group 1-246
2020-07-13 12:08:11,428 INFO o.a.j.t.JMeterThread: Thread started: Thread Group 1-247
2020-07-13 12:08:11,432 INFO o.a.j.t.JMeterThread: Thread started: Thread Group 1-248
2020-07-13 12:08:11,440 INFO o.a.j.t.JMeterThread: Thread started: Thread Group 1-249
2020-07-13 12:08:11,441 INFO o.a.j.t.JMeterThread: Thread started: Thread Group 1-250
2020-07-13 12:09:17,273 INFO o.a.j.g.a.Start: Stopping test
2020-07-13 12:09:17,360 INFO o.a.j.t.JMeterThread: Stopping: Thread Group 1-84
2020-07-13 12:09:17,361 WARN o.a.j.t.JMeterThread: Interrupting: Thread Group 1-84 sampler: HTTP Request
2020-07-13 12:09:17,378 INFO o.a.j.t.JMeterThread: Stopping: Thread Group 1-151
2020-07-13 12:09:17,379 WARN o.a.j.t.JMeterThread: Interrupting: Thread Group 1-151 sampler: HTTP Request
2020-07-13 12:09:17,382 INFO o.a.j.t.JMeterThread: Stopping: Thread Group 1-250
2020-07-13 12:09:17,382 WARN o.a.j.t.JMeterThread: Interrupting: Thread Group 1-250 sampler: HTTP Request
2020-07-13 12:09:17,383 INFO o.a.j.t.JMeterThread: Thread finished: Thread Group 1-84
2020-07-13 12:09:17,385 INFO o.a.j.t.JMeterThread: Thread finished: Thread Group 1-151
2020-07-13 12:09:17,390 INFO o.a.j.t.JMeterThread: Thread finished: Thread Group 1-250
2020-07-13 12:09:17,390 INFO o.a.j.t.JMeterThread: Stopping: Thread Group 1-19
2020-07-13 12:09:17,391 WARN o.a.j.t.JMeterThread: Interrupting: Thread Group 1-19 sampler: HTTP Request
2020-07-13 12:09:17,392 INFO o.a.j.t.JMeterThread: Stopping: Thread Group 1-93
2020-07-13 12:09:17,392 WARN o.a.j.t.JMeterThread: Interrupting: Thread Group 1-93 sampler: HTTP Request
2020-07-13 12:09:17,393 INFO o.a.j.t.JMeterThread: Stopping: Thread Group 1-249
2020-07-13 12:09:17,393 WARN o.a.j.t.JMeterThread: Interrupting: Thread Group 1-249 sampler: HTTP Request
2020-07-13 12:09:17,439 INFO o.a.j.t.JMeterThread: Thread finished: Thread Group 1-93
2020-07-13 12:09:17,439 INFO o.a.j.t.JMeterThread: Thread finished: Thread Group 1-19
2020-07-13 12:09:17,461 INFO o.a.j.t.JMeterThread: Stopping: Thread Group 1-222
2020-07-13 12:09:17,461 INFO o.a.j.t.JMeterThread: Thread finished: Thread Group 1-249
2020-07-13 12:09:17,461 WARN o.a.j.t.JMeterThread: Interrupting: Thread Group 1-222 sampler: HTTP Request
2020-07-13 12:09:17,462 INFO o.a.j.t.JMeterThread: Stopping: Thread Group 1-96
2020-07-13 12:09:17,462 WARN o.a.j.t.JMeterThread: Interrupting: Thread Group 1-96 sampler: HTTP Request
2020-07-13 12:09:17,463 INFO o.a.j.t.JMeterThread: Thread finished: Thread Group 1-222
2020-07-13 12:09:17,463 INFO o.a.j.t.JMeterThread: Stopping: Thread Group 1-7
2020-07-13 12:09:17,463 WARN o.a.j.t.JMeterThread: Interrupting: Thread Group 1-7 sampler: HTTP Request
2020-07-13 12:09:17,464 INFO o.a.j.t.JMeterThread: Stopping: Thread Group 1-30
2020-07-13 12:09:17,464 WARN o.a.j.t.JMeterThread: Interrupting: Thread Group 1-30 sampler: HTTP Request
2020-07-13 12:09:17,464 INFO o.a.j.t.JMeterThread: Thread finished: Thread Group 1-7
2020-07-13 12:09:17,467 INFO o.a.j.t.JMeterThread: Stopping: Thread Group 1-243
2020-07-13 12:09:17,467 INFO o.a.j.t.JMeterThread: Thread finished: Thread Group 1-96
2020-07-13 12:09:17,467 INFO o.a.j.t.JMeterThread: Thread finished: Thread Group 1-30
2020-07-13 12:09:17,470 WARN o.a.j.t.JMeterThread: Interrupting: Thread Group 1-243 sampler: HTTP Request
2020-07-13 12:09:17,471 INFO o.a.j.t.JMeterThread: Stopping: Thread Group 1-107
2020-07-13 12:09:17,471 INFO o.a.j.t.JMeterThread: Thread finished: Thread Group 1-243
2020-07-13 12:09:17,472 WARN o.a.j.t.JMeterThread: Interrupting: Thread Group 1-107 sampler: HTTP Request
2020-07-13 12:09:17,483 WARN o.a.j.t.JMeterThread: No operation pending
2020-07-13 12:09:17,483 INFO o.a.j.t.JMeterThread: Stopping: Thread Group 1-143
2020-07-13 12:09:17,483 INFO o.a.j.t.JMeterThread: Thread finished: Thread Group 1-107
2020-07-13 12:09:17,483 WARN o.a.j.t.JMeterThread: Interrupting: Thread Group 1-143 sampler: HTTP Request
2020-07-13 12:09:17,483 INFO o.a.j.t.JMeterThread: Stopping: Thread Group 1-130
2020-07-13 12:09:17,484 WARN o.a.j.t.JMeterThread: Interrupting: Thread Group 1-130 sampler: HTTP Request
2020-07-13 12:09:17,484 INFO o.a.j.t.JMeterThread: Thread finished: Thread Group 1-143
2020-07-13 12:09:17,484 INFO o.a.j.t.JMeterThread: Stopping: Thread Group 1-122
2020-07-13 12:09:17,485 WARN o.a.j.t.JMeterThread: Interrupting: Thread Group 1-122 sampler: HTTP Request
2020-07-13 12:09:17,485 INFO o.a.j.t.JMeterThread: Thread finished: Thread Group 1-130
2020-07-13 12:09:17,485 INFO o.a.j.t.JMeterThread: Stopping: Thread Group 1-121
2020-07-13 12:09:17,485 WARN o.a.j.t.JMeterThread: Interrupting: Thread Group 1-121 sampler: HTTP Request
2020-07-13 12:09:17,486 INFO o.a.j.t.JMeterThread: Thread finished: Thread Group 1-122
2020-07-13 12:09:17,501 INFO o.a.j.t.JMeterThread: Thread finished: Thread Group 1-121
2020-07-13 12:09:17,504 INFO o.a.j.t.JMeterThread: Thread finished: Thread Group 1-92
2020-07-13 12:09:17,506 INFO o.a.j.t.JMeterThread: Stopping: Thread Group 1-92
2020-07-13 12:09:17,506 INFO o.a.j.t.JMeterThread: Stopping: Thread Group 1-87
2020-07-13 12:09:17,507 WARN o.a.j.t.JMeterThread: Interrupting: Thread Group 1-87 sampler: HTTP Request
2020-07-13 12:09:17,633 INFO o.a.j.t.JMeterThread: Stopping: Thread Group 1-45
2020-07-13 12:09:17,633 INFO o.a.j.t.JMeterThread: Thread finished: Thread Group 1-87
2020-07-13 12:09:17,634 WARN o.a.j.t.JMeterThread: Interrupting: Thread Group 1-45 sampler: HTTP Request
2020-07-13 12:09:17,638 INFO o.a.j.t.JMeterThread: Stopping: Thread Group 1-202
2020-07-13 12:09:17,638 WARN o.a.j.t.JMeterThread: Interrupting: Thread Group 1-202 sampler: HTTP Request
2020-07-13 12:09:17,639 INFO o.a.j.t.JMeterThread: Thread finished: Thread Group 1-45
2020-07-13 12:09:17,639 INFO o.a.j.t.JMeterThread: Stopping: Thread Group 1-21
2020-07-13 12:09:17,639 WARN o.a.j.t.JMeterThread: Interrupting: Thread Group 1-21 sampler: HTTP Request
2020-07-13 12:09:17,640 INFO o.a.j.t.JMeterThread: Thread finished: Thread Group 1-202
2020-07-13 12:09:17,651 INFO o.a.j.t.JMeterThread: Stopping: Thread Group 1-129
2020-07-13 12:09:17,651 WARN o.a.j.t.JMeterThread: Interrupting: Thread Group 1-129 sampler: HTTP Request
2020-07-13 12:09:17,651 INFO o.a.j.t.JMeterThread: Thread finished: Thread Group 1-21
2020-07-13 12:09:17,692 INFO o.a.j.t.JMeterThread: Thread finished: Thread Group 1-129
2020-07-13 12:09:17,692 INFO o.a.j.t.JMeterThread: Stopping: Thread Group 1-124
2020-07-13 12:09:17,692 WARN o.a.j.t.JMeterThread: Interrupting: Thread Group 1-124 sampler: HTTP Request
2020-07-13 12:09:17,693 INFO o.a.j.t.JMeterThread: Stopping: Thread Group 1-172
2020-07-13 12:09:17,694 WARN o.a.j.t.JMeterThread: Interrupting: Thread Group 1-172 sampler: HTTP Request
2020-07-13 12:09:17,695 INFO o.a.j.t.JMeterThread: Stopping: Thread Group 1-206
2020-07-13 12:09:17,695 WARN o.a.j.t.JMeterThread: Interrupting: Thread Group 1-206 sampler: HTTP Request
2020-07-13 12:09:17,696 INFO o.a.j.t.JMeterThread: Thread finished: Thread Group 1-172
2020-07-13 12:09:17,697 INFO o.a.j.t.JMeterThread: Thread finished: Thread Group 1-124
2020-07-13 12:09:17,698 INFO o.a.j.t.JMeterThread: Stopping: Thread Group 1-71
2020-07-13 12:09:17,699 INFO o.a.j.t.JMeterThread: Thread finished: Thread Group 1-206
2020-07-13 12:09:17,699 WARN o.a.j.t.JMeterThread: Interrupting: Thread Group 1-71 sampler: HTTP Request
2020-07-13 12:09:17,700 INFO o.a.j.t.JMeterThread: Stopping: Thread Group 1-103
2020-07-13 12:09:17,700 WARN o.a.j.t.JMeterThread: Interrupting: Thread Group 1-103 sampler: HTTP Request
2020-07-13 12:09:17,701 INFO o.a.j.t.JMeterThread: Thread finished: Thread Group 1-71
2020-07-13 12:09:17,701 INFO o.a.j.t.JMeterThread: Stopping: Thread Group 1-167
2020-07-13 12:09:17,702 WARN o.a.j.t.JMeterThread: Interrupting: Thread Group 1-167 sampler: HTTP Request
2020-07-13 12:09:17,702 INFO o.a.j.t.JMeterThread: Thread finished: Thread Group 1-103
2020-07-13 12:09:17,702 INFO o.a.j.t.JMeterThread: Stopping: Thread Group 1-27
2020-07-13 12:09:17,702 WARN o.a.j.t.JMeterThread: Interrupting: Thread Group 1-27 sampler: HTTP Request
2020-07-13 12:09:17,725 INFO o.a.j.t.JMeterThread: Thread finished: Thread Group 1-167
2020-07-13 12:09:17,725 INFO o.a.j.t.JMeterThread: Thread finished: Thread Group 1-27
2020-07-13 12:09:17,725 INFO o.a.j.t.JMeterThread: Stopping: Thread Group 1-62
2020-07-13 12:09:17,725 WARN o.a.j.t.JMeterThread: Interrupting: Thread Group 1-62 sampler: HTTP Request
2020-07-13 12:09:17,726 INFO o.a.j.t.JMeterThread: Stopping: Thread Group 1-110
2020-07-13 12:09:17,726 WARN o.a.j.t.JMeterThread: Interrupting: Thread Group 1-110 sampler: HTTP Request
2020-07-13 12:09:17,726 INFO o.a.j.t.JMeterThread: Thread finished: Thread Group 1-62
2020-07-13 12:09:17,726 INFO o.a.j.t.JMeterThread: Stopping: Thread Group 1-184
2020-07-13 12:09:17,727 WARN o.a.j.t.JMeterThread: Interrupting: Thread Group 1-184 sampler: HTTP Request
2020-07-13 12:09:17,727 INFO o.a.j.t.JMeterThread: Thread finished: Thread Group 1-110
2020-07-13 12:09:17,727 INFO o.a.j.t.JMeterThread: Stopping: Thread Group 1-247
2020-07-13 12:09:17,728 INFO o.a.j.t.JMeterThread: Thread finished: Thread Group 1-184
2020-07-13 12:09:17,730 WARN o.a.j.t.JMeterThread: Interrupting: Thread Group 1-247 sampler: HTTP Request
2020-07-13 12:09:17,731 INFO o.a.j.t.JMeterThread: Stopping: Thread Group 1-212
2020-07-13 12:09:17,731 WARN o.a.j.t.JMeterThread: Interrupting: Thread Group 1-212 sampler: HTTP Request
2020-07-13 12:09:17,732 INFO o.a.j.t.JMeterThread: Thread finished: Thread Group 1-247
2020-07-13 12:09:17,733 INFO o.a.j.t.JMeterThread: Stopping: Thread Group 1-223
2020-07-13 12:09:17,733 WARN o.a.j.t.JMeterThread: Interrupting: Thread Group 1-223 sampler: HTTP Request
2020-07-13 12:09:17,733 INFO o.a.j.t.JMeterThread: Stopping: Thread Group 1-186
2020-07-13 12:09:17,733 INFO o.a.j.t.JMeterThread: Thread finished: Thread Group 1-212
2020-07-13 12:09:17,733 WARN o.a.j.t.JMeterThread: Interrupting: Thread Group 1-186 sampler: HTTP Request
2020-07-13 12:09:17,734 INFO o.a.j.t.JMeterThread: Thread finished: Thread Group 1-223
2020-07-13 12:09:17,735 INFO o.a.j.t.JMeterThread: Stopping: Thread Group 1-170
2020-07-13 12:09:17,735 INFO o.a.j.t.JMeterThread: Thread finished: Thread Group 1-186
2020-07-13 12:09:17,735 WARN o.a.j.t.JMeterThread: Interrupting: Thread Group 1-170 sampler: HTTP Request
2020-07-13 12:09:17,738 INFO o.a.j.t.JMeterThread: Stopping: Thread Group 1-66
2020-07-13 12:09:17,738 INFO o.a.j.t.JMeterThread: Thread finished: Thread Group 1-170
2020-07-13 12:09:17,738 WARN o.a.j.t.JMeterThread: Interrupting: Thread Group 1-66 sampler: HTTP Request
2020-07-13 12:09:17,739 INFO o.a.j.t.JMeterThread: Stopping: Thread Group 1-160
2020-07-13 12:09:17,739 WARN o.a.j.t.JMeterThread: Interrupting: Thread Group 1-160 sampler: HTTP Request
2020-07-13 12:09:17,739 INFO o.a.j.t.JMeterThread: Stopping: Thread Group 1-209
2020-07-13 12:09:17,739 WARN o.a.j.t.JMeterThread: Interrupting: Thread Group 1-209 sampler: HTTP Request
2020-07-13 12:09:17,740 INFO o.a.j.t.JMeterThread: Thread finished: Thread Group 1-66
2020-07-13 12:09:17,740 INFO o.a.j.t.JMeterThread: Thread finished: Thread Group 1-160
2020-07-13 12:09:17,762 INFO o.a.j.t.JMeterThread: Thread finished: Thread Group 1-209
2020-07-13 12:09:17,763 INFO o.a.j.t.JMeterThread: Stopping: Thread Group 1-201
2020-07-13 12:09:17,763 WARN o.a.j.t.JMeterThread: Interrupting: Thread Group 1-201 sampler: HTTP Request
2020-07-13 12:09:17,764 INFO o.a.j.t.JMeterThread: Stopping: Thread Group 1-12
2020-07-13 12:09:17,764 WARN o.a.j.t.JMeterThread: Interrupting: Thread Group 1-12 sampler: HTTP Request
2020-07-13 12:09:17,764 INFO o.a.j.t.JMeterThread: Thread finished: Thread Group 1-201
2020-07-13 12:09:17,772 INFO o.a.j.t.JMeterThread: Stopping: Thread Group 1-153
2020-07-13 12:09:17,772 WARN o.a.j.t.JMeterThread: Interrupting: Thread Group 1-153 sampler: HTTP Request
2020-07-13 12:09:17,773 INFO o.a.j.t.JMeterThread: Thread finished: Thread Group 1-12
2020-07-13 12:09:17,774 INFO o.a.j.t.JMeterThread: Stopping: Thread Group 1-174
2020-07-13 12:09:17,774 WARN o.a.j.t.JMeterThread: Interrupting: Thread Group 1-174 sampler: HTTP Request
2020-07-13 12:09:17,774 INFO o.a.j.t.JMeterThread: Thread finished: Thread Group 1-153
2020-07-13 12:09:17,774 INFO o.a.j.t.JMeterThread: Stopping: Thread Group 1-204
2020-07-13 12:09:17,775 WARN o.a.j.t.JMeterThread: Interrupting: Thread Group 1-204 sampler: HTTP Request
2020-07-13 12:09:17,775 INFO o.a.j.t.JMeterThread: Stopping: Thread Group 1-194
2020-07-13 12:09:17,775 INFO o.a.j.t.JMeterThread: Thread finished: Thread Group 1-174
2020-07-13 12:09:17,775 WARN o.a.j.t.JMeterThread: Interrupting: Thread Group 1-194 sampler: HTTP Request
2020-07-13 12:09:17,775 INFO o.a.j.t.JMeterThread: Thread finished: Thread Group 1-204
2020-07-13 12:09:17,776 INFO o.a.j.t.JMeterThread: Stopping: Thread Group 1-23
2020-07-13 12:09:17,776 WARN o.a.j.t.JMeterThread: Interrupting: Thread Group 1-23 sampler: HTTP Request
2020-07-13 12:09:17,776 INFO o.a.j.t.JMeterThread: Stopping: Thread Group 1-134
2020-07-13 12:09:17,776 WARN o.a.j.t.JMeterThread: Interrupting: Thread Group 1-134 sampler: HTTP Request
2020-07-13 12:09:17,776 INFO o.a.j.t.JMeterThread: Thread finished: Thread Group 1-194
2020-07-13 12:09:17,777 INFO o.a.j.t.JMeterThread: Thread finished: Thread Group 1-23
2020-07-13 12:09:17,777 INFO o.a.j.t.JMeterThread: Stopping: Thread Group 1-188
2020-07-13 12:09:17,777 WARN o.a.j.t.JMeterThread: Interrupting: Thread Group 1-188 sampler: HTTP Request
2020-07-13 12:09:17,778 INFO o.a.j.t.JMeterThread: Thread finished: Thread Group 1-134
2020-07-13 12:09:17,778 INFO o.a.j.t.JMeterThread: Stopping: Thread Group 1-200
2020-07-13 12:09:17,778 WARN o.a.j.t.JMeterThread: Interrupting: Thread Group 1-200 sampler: HTTP Request
2020-07-13 12:09:17,778 INFO o.a.j.t.JMeterThread: Thread finished: Thread Group 1-188
2020-07-13 12:09:17,779 INFO o.a.j.t.JMeterThread: Stopping: Thread Group 1-32
2020-07-13 12:09:17,779 WARN o.a.j.t.JMeterThread: Interrupting: Thread Group 1-32 sampler: HTTP Request
2020-07-13 12:09:17,785 INFO o.a.j.t.JMeterThread: Stopping: Thread Group 1-241
2020-07-13 12:09:17,785 WARN o.a.j.t.JMeterThread: Interrupting: Thread Group 1-241 sampler: HTTP Request
2020-07-13 12:09:17,785 INFO o.a.j.t.JMeterThread: Thread finished: Thread Group 1-32
2020-07-13 12:09:17,785 INFO o.a.j.t.JMeterThread: Stopping: Thread Group 1-132
2020-07-13 12:09:17,786 WARN o.a.j.t.JMeterThread: Interrupting: Thread Group 1-132 sampler: HTTP Request
2020-07-13 12:09:17,786 INFO o.a.j.t.JMeterThread: Thread finished: Thread Group 1-241
2020-07-13 12:09:17,786 INFO o.a.j.t.JMeterThread: Stopping: Thread Group 1-120
2020-07-13 12:09:17,786 WARN o.a.j.t.JMeterThread: Interrupting: Thread Group 1-120 sampler: HTTP Request
2020-07-13 12:09:17,787 INFO o.a.j.t.JMeterThread: Thread finished: Thread Group 1-132
2020-07-13 12:09:17,787 INFO o.a.j.t.JMeterThread: Stopping: Thread Group 1-6
2020-07-13 12:09:17,787 WARN o.a.j.t.JMeterThread: Interrupting: Thread Group 1-6 sampler: HTTP Request
2020-07-13 12:09:17,787 INFO o.a.j.t.JMeterThread: Thread finished: Thread Group 1-120
2020-07-13 12:09:17,788 INFO o.a.j.t.JMeterThread: Stopping: Thread Group 1-141
2020-07-13 12:09:17,788 WARN o.a.j.t.JMeterThread: Interrupting: Thread Group 1-141 sampler: HTTP Request
2020-07-13 12:09:17,788 INFO o.a.j.t.JMeterThread: Thread finished: Thread Group 1-6
2020-07-13 12:09:17,789 INFO o.a.j.t.JMeterThread: Stopping: Thread Group 1-48
2020-07-13 12:09:17,789 WARN o.a.j.t.JMeterThread: Interrupting: Thread Group 1-48 sampler: HTTP Request
2020-07-13 12:09:17,789 INFO o.a.j.t.JMeterThread: Thread finished: Thread Group 1-141
2020-07-13 12:09:17,789 INFO o.a.j.t.JMeterThread: Stopping: Thread Group 1-114
2020-07-13 12:09:17,789 WARN o.a.j.t.JMeterThread: Interrupting: Thread Group 1-114 sampler: HTTP Request
2020-07-13 12:09:17,790 INFO o.a.j.t.JMeterThread: Thread finished: Thread Group 1-48
2020-07-13 12:09:17,790 INFO o.a.j.t.JMeterThread: Stopping: Thread Group 1-192
2020-07-13 12:09:17,790 WARN o.a.j.t.JMeterThread: Interrupting: Thread Group 1-192 sampler: HTTP Request
2020-07-13 12:09:17,791 INFO o.a.j.t.JMeterThread: Thread finished: Thread Group 1-114
2020-07-13 12:09:17,791 INFO o.a.j.t.JMeterThread: Stopping: Thread Group 1-31
2020-07-13 12:09:17,791 WARN o.a.j.t.JMeterThread: Interrupting: Thread Group 1-31 sampler: HTTP Request
2020-07-13 12:09:17,791 INFO o.a.j.t.JMeterThread: Thread finished: Thread Group 1-192
2020-07-13 12:09:17,792 INFO o.a.j.t.JMeterThread: Stopping: Thread Group 1-86
2020-07-13 12:09:17,792 WARN o.a.j.t.JMeterThread: Interrupting: Thread Group 1-86 sampler: HTTP Request
2020-07-13 12:09:17,792 INFO o.a.j.t.JMeterThread: Stopping: Thread Group 1-196
2020-07-13 12:09:17,792 INFO o.a.j.t.JMeterThread: Thread finished: Thread Group 1-31
2020-07-13 12:09:17,793 WARN o.a.j.t.JMeterThread: Interrupting: Thread Group 1-196 sampler: HTTP Request
2020-07-13 12:09:17,793 INFO o.a.j.t.JMeterThread: Thread finished: Thread Group 1-86
2020-07-13 12:09:17,793 INFO o.a.j.t.JMeterThread: Stopping: Thread Group 1-163
2020-07-13 12:09:17,793 WARN o.a.j.t.JMeterThread: Interrupting: Thread Group 1-163 sampler: HTTP Request
2020-07-13 12:09:17,794 INFO o.a.j.t.JMeterThread: Thread finished: Thread Group 1-196
2020-07-13 12:09:17,795 INFO o.a.j.t.JMeterThread: Stopping: Thread Group 1-42
2020-07-13 12:09:17,795 WARN o.a.j.t.JMeterThread: Interrupting: Thread Group 1-42 sampler: HTTP Request
2020-07-13 12:09:17,796 INFO o.a.j.t.JMeterThread: Stopping: Thread Group 1-166
2020-07-13 12:09:17,796 INFO o.a.j.t.JMeterThread: Thread finished: Thread Group 1-42
2020-07-13 12:09:17,796 INFO o.a.j.t.JMeterThread: Thread finished: Thread Group 1-163
2020-07-13 12:09:17,797 WARN o.a.j.t.JMeterThread: Interrupting: Thread Group 1-166 sampler: HTTP Request
2020-07-13 12:09:17,798 INFO o.a.j.t.JMeterThread: Stopping: Thread Group 1-13
2020-07-13 12:09:17,798 WARN o.a.j.t.JMeterThread: Interrupting: Thread Group 1-13 sampler: HTTP Request
2020-07-13 12:09:17,798 INFO o.a.j.t.JMeterThread: Thread finished: Thread Group 1-166
2020-07-13 12:09:17,798 INFO o.a.j.t.JMeterThread: Stopping: Thread Group 1-44
2020-07-13 12:09:17,798 WARN o.a.j.t.JMeterThread: Interrupting: Thread Group 1-44 sampler: HTTP Request
2020-07-13 12:09:17,799 INFO o.a.j.t.JMeterThread: Thread finished: Thread Group 1-13
2020-07-13 12:09:17,800 INFO o.a.j.t.JMeterThread: Thread finished: Thread Group 1-44
2020-07-13 12:09:17,800 INFO o.a.j.t.JMeterThread: Stopping: Thread Group 1-15
2020-07-13 12:09:17,800 WARN o.a.j.t.JMeterThread: Interrupting: Thread Group 1-15 sampler: HTTP Request
2020-07-13 12:09:17,800 INFO o.a.j.t.JMeterThread: Stopping: Thread Group 1-54
2020-07-13 12:09:17,800 WARN o.a.j.t.JMeterThread: Interrupting: Thread Group 1-54 sampler: HTTP Request
2020-07-13 12:09:17,801 INFO o.a.j.t.JMeterThread: Thread finished: Thread Group 1-15
2020-07-13 12:09:17,801 INFO o.a.j.t.JMeterThread: Stopping: Thread Group 1-198
2020-07-13 12:09:17,801 INFO o.a.j.t.JMeterThread: Thread finished: Thread Group 1-54
2020-07-13 12:09:17,801 WARN o.a.j.t.JMeterThread: Interrupting: Thread Group 1-198 sampler: HTTP Request
2020-07-13 12:09:17,802 INFO o.a.j.t.JMeterThread: Thread finished: Thread Group 1-200
2020-07-13 12:09:17,803 INFO o.a.j.t.JMeterThread: Stopping: Thread Group 1-112
2020-07-13 12:09:17,803 WARN o.a.j.t.JMeterThread: Interrupting: Thread Group 1-112 sampler: HTTP Request
2020-07-13 12:09:17,803 INFO o.a.j.t.JMeterThread: Thread finished: Thread Group 1-198
2020-07-13 12:09:17,803 INFO o.a.j.t.JMeterThread: Stopping: Thread Group 1-233
2020-07-13 12:09:17,804 WARN o.a.j.t.JMeterThread: Interrupting: Thread Group 1-233 sampler: HTTP Request
2020-07-13 12:09:17,804 INFO o.a.j.t.JMeterThread: Thread finished: Thread Group 1-112
2020-07-13 12:09:17,804 INFO o.a.j.t.JMeterThread: Stopping: Thread Group 1-49
2020-07-13 12:09:17,804 WARN o.a.j.t.JMeterThread: Interrupting: Thread Group 1-49 sampler: HTTP Request
2020-07-13 12:09:17,805 INFO o.a.j.t.JMeterThread: Stopping: Thread Group 1-88
2020-07-13 12:09:17,805 INFO o.a.j.t.JMeterThread: Thread finished: Thread Group 1-233
2020-07-13 12:09:17,805 WARN o.a.j.t.JMeterThread: Interrupting: Thread Group 1-88 sampler: HTTP Request
2020-07-13 12:09:17,805 INFO o.a.j.t.JMeterThread: Thread finished: Thread Group 1-49
2020-07-13 12:09:17,815 INFO o.a.j.t.JMeterThread: Stopping: Thread Group 1-203
2020-07-13 12:09:17,815 WARN o.a.j.t.JMeterThread: Interrupting: Thread Group 1-203 sampler: HTTP Request
2020-07-13 12:09:17,816 INFO o.a.j.t.JMeterThread: Thread finished: Thread Group 1-88
2020-07-13 12:09:17,816 INFO o.a.j.t.JMeterThread: Stopping: Thread Group 1-221
2020-07-13 12:09:17,816 WARN o.a.j.t.JMeterThread: Interrupting: Thread Group 1-221 sampler: HTTP Request
2020-07-13 12:09:17,817 INFO o.a.j.t.JMeterThread: Thread finished: Thread Group 1-203
2020-07-13 12:09:17,817 INFO o.a.j.t.JMeterThread: Stopping: Thread Group 1-47
2020-07-13 12:09:17,817 WARN o.a.j.t.JMeterThread: Interrupting: Thread Group 1-47 sampler: HTTP Request
2020-07-13 12:09:17,817 INFO o.a.j.t.JMeterThread: Stopping: Thread Group 1-41
2020-07-13 12:09:17,817 INFO o.a.j.t.JMeterThread: Thread finished: Thread Group 1-221
2020-07-13 12:09:17,817 WARN o.a.j.t.JMeterThread: Interrupting: Thread Group 1-41 sampler: HTTP Request
2020-07-13 12:09:17,818 INFO o.a.j.t.JMeterThread: Stopping: Thread Group 1-246
2020-07-13 12:09:17,818 INFO o.a.j.t.JMeterThread: Thread finished: Thread Group 1-47
2020-07-13 12:09:17,818 WARN o.a.j.t.JMeterThread: Interrupting: Thread Group 1-246 sampler: HTTP Request
2020-07-13 12:09:17,818 INFO o.a.j.t.JMeterThread: Stopping: Thread Group 1-127
2020-07-13 12:09:17,818 WARN o.a.j.t.JMeterThread: Interrupting: Thread Group 1-127 sampler: HTTP Request
2020-07-13 12:09:17,818 INFO o.a.j.t.JMeterThread: Thread finished: Thread Group 1-41
2020-07-13 12:09:17,819 INFO o.a.j.t.JMeterThread: Thread finished: Thread Group 1-246
2020-07-13 12:09:17,819 INFO o.a.j.t.JMeterThread: Stopping: Thread Group 1-183
2020-07-13 12:09:17,819 WARN o.a.j.t.JMeterThread: Interrupting: Thread Group 1-183 sampler: HTTP Request
2020-07-13 12:09:17,820 INFO o.a.j.t.JMeterThread: Thread finished: Thread Group 1-127
2020-07-13 12:09:17,820 INFO o.a.j.t.JMeterThread: Stopping: Thread Group 1-95
2020-07-13 12:09:17,820 WARN o.a.j.t.JMeterThread: Interrupting: Thread Group 1-95 sampler: HTTP Request
2020-07-13 12:09:17,820 INFO o.a.j.t.JMeterThread: Stopping: Thread Group 1-169
2020-07-13 12:09:17,820 INFO o.a.j.t.JMeterThread: Thread finished: Thread Group 1-183
2020-07-13 12:09:17,820 WARN o.a.j.t.JMeterThread: Interrupting: Thread Group 1-169 sampler: HTTP Request
2020-07-13 12:09:17,820 INFO o.a.j.t.JMeterThread: Thread finished: Thread Group 1-95
2020-07-13 12:09:17,821 INFO o.a.j.t.JMeterThread: Stopping: Thread Group 1-208
2020-07-13 12:09:17,821 WARN o.a.j.t.JMeterThread: Interrupting: Thread Group 1-208 sampler: HTTP Request
2020-07-13 12:09:17,821 INFO o.a.j.t.JMeterThread: Stopping: Thread Group 1-10
2020-07-13 12:09:17,821 WARN o.a.j.t.JMeterThread: Interrupting: Thread Group 1-10 sampler: HTTP Request
2020-07-13 12:09:17,822 INFO o.a.j.t.JMeterThread: Thread finished: Thread Group 1-169
2020-07-13 12:09:17,822 INFO o.a.j.t.JMeterThread: Thread finished: Thread Group 1-208
2020-07-13 12:09:17,823 INFO o.a.j.t.JMeterThread: Stopping: Thread Group 1-115
2020-07-13 12:09:17,823 WARN o.a.j.t.JMeterThread: Interrupting: Thread Group 1-115 sampler: HTTP Request
2020-07-13 12:09:17,823 INFO o.a.j.t.JMeterThread: Thread finished: Thread Group 1-10
2020-07-13 12:09:17,823 INFO o.a.j.t.JMeterThread: Stopping: Thread Group 1-227
2020-07-13 12:09:17,823 WARN o.a.j.t.JMeterThread: Interrupting: Thread Group 1-227 sampler: HTTP Request
2020-07-13 12:09:17,824 INFO o.a.j.t.JMeterThread: Thread finished: Thread Group 1-115
2020-07-13 12:09:17,824 INFO o.a.j.t.JMeterThread: Stopping: Thread Group 1-68
2020-07-13 12:09:17,824 WARN o.a.j.t.JMeterThread: Interrupting: Thread Group 1-68 sampler: HTTP Request
2020-07-13 12:09:17,824 INFO o.a.j.t.JMeterThread: Thread finished: Thread Group 1-227
2020-07-13 12:09:17,825 INFO o.a.j.t.JMeterThread: Stopping: Thread Group 1-108
2020-07-13 12:09:17,825 WARN o.a.j.t.JMeterThread: Interrupting: Thread Group 1-108 sampler: HTTP Request
2020-07-13 12:09:17,825 INFO o.a.j.t.JMeterThread: Thread finished: Thread Group 1-68
2020-07-13 12:09:17,826 INFO o.a.j.t.JMeterThread: Stopping: Thread Group 1-231
2020-07-13 12:09:17,826 WARN o.a.j.t.JMeterThread: Interrupting: Thread Group 1-231 sampler: HTTP Request
2020-07-13 12:09:17,826 INFO o.a.j.t.JMeterThread: Thread finished: Thread Group 1-108
2020-07-13 12:09:17,826 INFO o.a.j.t.JMeterThread: Stopping: Thread Group 1-111
2020-07-13 12:09:17,826 WARN o.a.j.t.JMeterThread: Interrupting: Thread Group 1-111 sampler: HTTP Request
2020-07-13 12:09:17,827 INFO o.a.j.t.JMeterThread: Stopping: Thread Group 1-43
2020-07-13 12:09:17,827 INFO o.a.j.t.JMeterThread: Thread finished: Thread Group 1-231
2020-07-13 12:09:17,827 WARN o.a.j.t.JMeterThread: Interrupting: Thread Group 1-43 sampler: HTTP Request
2020-07-13 12:09:17,827 INFO o.a.j.t.JMeterThread: Thread finished: Thread Group 1-111
2020-07-13 12:09:17,827 INFO o.a.j.t.JMeterThread: Stopping: Thread Group 1-104
2020-07-13 12:09:17,827 WARN o.a.j.t.JMeterThread: Interrupting: Thread Group 1-104 sampler: HTTP Request
2020-07-13 12:09:17,828 INFO o.a.j.t.JMeterThread: Thread finished: Thread Group 1-43
2020-07-13 12:09:17,828 INFO o.a.j.t.JMeterThread: Stopping: Thread Group 1-116
2020-07-13 12:09:17,828 WARN o.a.j.t.JMeterThread: Interrupting: Thread Group 1-116 sampler: HTTP Request
2020-07-13 12:09:17,828 INFO o.a.j.t.JMeterThread: Thread finished: Thread Group 1-104
2020-07-13 12:09:17,828 INFO o.a.j.t.JMeterThread: Stopping: Thread Group 1-144
2020-07-13 12:09:17,828 WARN o.a.j.t.JMeterThread: Interrupting: Thread Group 1-144 sampler: HTTP Request
2020-07-13 12:09:17,829 INFO o.a.j.t.JMeterThread: Thread finished: Thread Group 1-116
2020-07-13 12:09:17,829 INFO o.a.j.t.JMeterThread: Stopping: Thread Group 1-234
2020-07-13 12:09:17,829 WARN o.a.j.t.JMeterThread: Interrupting: Thread Group 1-234 sampler: HTTP Request
2020-07-13 12:09:17,829 INFO o.a.j.t.JMeterThread: Stopping: Thread Group 1-2
2020-07-13 12:09:17,829 WARN o.a.j.t.JMeterThread: Interrupting: Thread Group 1-2 sampler: HTTP Request
2020-07-13 12:09:17,829 INFO o.a.j.t.JMeterThread: Thread finished: Thread Group 1-144
2020-07-13 12:09:17,830 INFO o.a.j.t.JMeterThread: Stopping: Thread Group 1-217
2020-07-13 12:09:17,830 WARN o.a.j.t.JMeterThread: Interrupting: Thread Group 1-217 sampler: HTTP Request
2020-07-13 12:09:17,830 INFO o.a.j.t.JMeterThread: Thread finished: Thread Group 1-234
2020-07-13 12:09:17,830 INFO o.a.j.t.JMeterThread: Stopping: Thread Group 1-60
2020-07-13 12:09:17,830 WARN o.a.j.t.JMeterThread: Interrupting: Thread Group 1-60 sampler: HTTP Request
2020-07-13 12:09:17,830 INFO o.a.j.t.JMeterThread: Thread finished: Thread Group 1-2
2020-07-13 12:09:17,831 INFO o.a.j.t.JMeterThread: Thread finished: Thread Group 1-217
2020-07-13 12:09:17,831 INFO o.a.j.t.JMeterThread: Stopping: Thread Group 1-181
2020-07-13 12:09:17,831 WARN o.a.j.t.JMeterThread: Interrupting: Thread Group 1-181 sampler: HTTP Request
2020-07-13 12:09:17,832 INFO o.a.j.t.JMeterThread: Stopping: Thread Group 1-165
2020-07-13 12:09:17,832 WARN o.a.j.t.JMeterThread: Interrupting: Thread Group 1-165 sampler: HTTP Request
2020-07-13 12:09:17,832 INFO o.a.j.t.JMeterThread: Thread finished: Thread Group 1-60
2020-07-13 12:09:17,832 INFO o.a.j.t.JMeterThread: Thread finished: Thread Group 1-181
2020-07-13 12:09:17,833 INFO o.a.j.t.JMeterThread: Stopping: Thread Group 1-193
2020-07-13 12:09:17,833 WARN o.a.j.t.JMeterThread: Interrupting: Thread Group 1-193 sampler: HTTP Request
2020-07-13 12:09:17,833 INFO o.a.j.t.JMeterThread: Thread finished: Thread Group 1-165
2020-07-13 12:09:17,833 INFO o.a.j.t.JMeterThread: Stopping: Thread Group 1-159
2020-07-13 12:09:17,834 INFO o.a.j.t.JMeterThread: Thread finished: Thread Group 1-193
2020-07-13 12:09:17,835 WARN o.a.j.t.JMeterThread: Interrupting: Thread Group 1-159 sampler: HTTP Request
2020-07-13 12:09:17,837 INFO o.a.j.t.JMeterThread: Stopping: Thread Group 1-56
2020-07-13 12:09:17,837 WARN o.a.j.t.JMeterThread: Interrupting: Thread Group 1-56 sampler: HTTP Request
2020-07-13 12:09:17,837 INFO o.a.j.t.JMeterThread: Thread finished: Thread Group 1-159
2020-07-13 12:09:17,838 INFO o.a.j.t.JMeterThread: Stopping: Thread Group 1-180
2020-07-13 12:09:17,838 WARN o.a.j.t.JMeterThread: Interrupting: Thread Group 1-180 sampler: HTTP Request
2020-07-13 12:09:17,838 INFO o.a.j.t.JMeterThread: Thread finished: Thread Group 1-56
2020-07-13 12:09:17,838 INFO o.a.j.t.JMeterThread: Stopping: Thread Group 1-79
2020-07-13 12:09:17,838 WARN o.a.j.t.JMeterThread: Interrupting: Thread Group 1-79 sampler: HTTP Request
2020-07-13 12:09:17,839 INFO o.a.j.t.JMeterThread: Thread finished: Thread Group 1-180
2020-07-13 12:09:17,839 INFO o.a.j.t.JMeterThread: Stopping: Thread Group 1-197
2020-07-13 12:09:17,839 WARN o.a.j.t.JMeterThread: Interrupting: Thread Group 1-197 sampler: HTTP Request
2020-07-13 12:09:17,839 INFO o.a.j.t.JMeterThread: Stopping: Thread Group 1-156
2020-07-13 12:09:17,839 INFO o.a.j.t.JMeterThread: Thread finished: Thread Group 1-79
2020-07-13 12:09:17,839 WARN o.a.j.t.JMeterThread: Interrupting: Thread Group 1-156 sampler: HTTP Request
2020-07-13 12:09:17,840 INFO o.a.j.t.JMeterThread: Thread finished: Thread Group 1-197
2020-07-13 12:09:17,840 INFO o.a.j.t.JMeterThread: Stopping: Thread Group 1-225
2020-07-13 12:09:17,840 WARN o.a.j.t.JMeterThread: Interrupting: Thread Group 1-225 sampler: HTTP Request
2020-07-13 12:09:17,840 INFO o.a.j.t.JMeterThread: Stopping: Thread Group 1-59
2020-07-13 12:09:17,840 WARN o.a.j.t.JMeterThread: Interrupting: Thread Group 1-59 sampler: HTTP Request
2020-07-13 12:09:17,840 INFO o.a.j.t.JMeterThread: Thread finished: Thread Group 1-156
2020-07-13 12:09:17,840 INFO o.a.j.t.JMeterThread: Stopping: Thread Group 1-238
2020-07-13 12:09:17,840 WARN o.a.j.t.JMeterThread: Interrupting: Thread Group 1-238 sampler: HTTP Request
2020-07-13 12:09:17,841 INFO o.a.j.t.JMeterThread: Thread finished: Thread Group 1-225
2020-07-13 12:09:17,841 INFO o.a.j.t.JMeterThread: Stopping: Thread Group 1-137
2020-07-13 12:09:17,841 WARN o.a.j.t.JMeterThread: Interrupting: Thread Group 1-137 sampler: HTTP Request
2020-07-13 12:09:17,841 INFO o.a.j.t.JMeterThread: Thread finished: Thread Group 1-59
2020-07-13 12:09:17,841 INFO o.a.j.t.JMeterThread: Thread finished: Thread Group 1-238
2020-07-13 12:09:17,841 INFO o.a.j.t.JMeterThread: Stopping: Thread Group 1-55
2020-07-13 12:09:17,842 INFO o.a.j.t.JMeterThread: Thread finished: Thread Group 1-137
2020-07-13 12:09:17,842 WARN o.a.j.t.JMeterThread: Interrupting: Thread Group 1-55 sampler: HTTP Request
2020-07-13 12:09:17,843 INFO o.a.j.t.JMeterThread: Stopping: Thread Group 1-5
2020-07-13 12:09:17,843 INFO o.a.j.t.JMeterThread: Thread finished: Thread Group 1-55
2020-07-13 12:09:17,843 WARN o.a.j.t.JMeterThread: Interrupting: Thread Group 1-5 sampler: HTTP Request
2020-07-13 12:09:17,844 INFO o.a.j.t.JMeterThread: Stopping: Thread Group 1-99
2020-07-13 12:09:17,844 WARN o.a.j.t.JMeterThread: Interrupting: Thread Group 1-99 sampler: HTTP Request
2020-07-13 12:09:17,845 INFO o.a.j.t.JMeterThread: Thread finished: Thread Group 1-5
2020-07-13 12:09:17,845 INFO o.a.j.t.JMeterThread: Stopping: Thread Group 1-109
2020-07-13 12:09:17,845 WARN o.a.j.t.JMeterThread: Interrupting: Thread Group 1-109 sampler: HTTP Request
2020-07-13 12:09:17,845 INFO o.a.j.t.JMeterThread: Stopping: Thread Group 1-17
2020-07-13 12:09:17,845 WARN o.a.j.t.JMeterThread: Interrupting: Thread Group 1-17 sampler: HTTP Request
2020-07-13 12:09:17,846 INFO o.a.j.t.JMeterThread: Thread finished: Thread Group 1-99
2020-07-13 12:09:17,846 INFO o.a.j.t.JMeterThread: Stopping: Thread Group 1-177
2020-07-13 12:09:17,846 INFO o.a.j.t.JMeterThread: Thread finished: Thread Group 1-109
2020-07-13 12:09:17,846 WARN o.a.j.t.JMeterThread: Interrupting: Thread Group 1-177 sampler: HTTP Request
2020-07-13 12:09:17,846 INFO o.a.j.t.JMeterThread: Thread finished: Thread Group 1-17
2020-07-13 12:09:17,850 INFO o.a.j.t.JMeterThread: Stopping: Thread Group 1-173
2020-07-13 12:09:17,850 INFO o.a.j.t.JMeterThread: Thread finished: Thread Group 1-177
2020-07-13 12:09:17,850 WARN o.a.j.t.JMeterThread: Interrupting: Thread Group 1-173 sampler: HTTP Request
2020-07-13 12:09:17,851 INFO o.a.j.t.JMeterThread: Stopping: Thread Group 1-85
2020-07-13 12:09:17,851 WARN o.a.j.t.JMeterThread: Interrupting: Thread Group 1-85 sampler: HTTP Request
2020-07-13 12:09:17,851 INFO o.a.j.t.JMeterThread: Stopping: Thread Group 1-98
2020-07-13 12:09:17,851 WARN o.a.j.t.JMeterThread: Interrupting: Thread Group 1-98 sampler: HTTP Request
2020-07-13 12:09:17,851 INFO o.a.j.t.JMeterThread: Thread finished: Thread Group 1-173
2020-07-13 12:09:17,851 INFO o.a.j.t.JMeterThread: Stopping: Thread Group 1-205
2020-07-13 12:09:17,852 WARN o.a.j.t.JMeterThread: Interrupting: Thread Group 1-205 sampler: HTTP Request
2020-07-13 12:09:17,852 INFO o.a.j.t.JMeterThread: Thread finished: Thread Group 1-85
2020-07-13 12:09:17,852 INFO o.a.j.t.JMeterThread: Thread finished: Thread Group 1-98
2020-07-13 12:09:17,852 INFO o.a.j.t.JMeterThread: Stopping: Thread Group 1-1
2020-07-13 12:09:17,852 WARN o.a.j.t.JMeterThread: Interrupting: Thread Group 1-1 sampler: HTTP Request
2020-07-13 12:09:17,853 INFO o.a.j.t.JMeterThread: Thread finished: Thread Group 1-205
2020-07-13 12:09:17,853 INFO o.a.j.t.JMeterThread: Stopping: Thread Group 1-131
2020-07-13 12:09:17,853 WARN o.a.j.t.JMeterThread: Interrupting: Thread Group 1-131 sampler: HTTP Request
2020-07-13 12:09:17,853 INFO o.a.j.t.JMeterThread: Stopping: Thread Group 1-229
2020-07-13 12:09:17,853 WARN o.a.j.t.JMeterThread: Interrupting: Thread Group 1-229 sampler: HTTP Request
2020-07-13 12:09:17,853 INFO o.a.j.t.JMeterThread: Thread finished: Thread Group 1-1
2020-07-13 12:09:17,854 INFO o.a.j.t.JMeterThread: Thread finished: Thread Group 1-131
2020-07-13 12:09:17,854 INFO o.a.j.t.JMeterThread: Stopping: Thread Group 1-175
2020-07-13 12:09:17,854 WARN o.a.j.t.JMeterThread: Interrupting: Thread Group 1-175 sampler: HTTP Request
2020-07-13 12:09:17,855 INFO o.a.j.t.JMeterThread: Thread finished: Thread Group 1-229
2020-07-13 12:09:17,856 INFO o.a.j.t.JMeterThread: Stopping: Thread Group 1-117
2020-07-13 12:09:17,856 WARN o.a.j.t.JMeterThread: Interrupting: Thread Group 1-117 sampler: HTTP Request
2020-07-13 12:09:17,856 INFO o.a.j.t.JMeterThread: Thread finished: Thread Group 1-175
2020-07-13 12:09:17,857 INFO o.a.j.t.JMeterThread: Thread finished: Thread Group 1-117
2020-07-13 12:09:17,859 INFO o.a.j.t.JMeterThread: Stopping: Thread Group 1-185
2020-07-13 12:09:17,859 WARN o.a.j.t.JMeterThread: Interrupting: Thread Group 1-185 sampler: HTTP Request
2020-07-13 12:09:17,862 INFO o.a.j.t.JMeterThread: Stopping: Thread Group 1-218
2020-07-13 12:09:17,862 WARN o.a.j.t.JMeterThread: Interrupting: Thread Group 1-218 sampler: HTTP Request
2020-07-13 12:09:17,862 INFO o.a.j.t.JMeterThread: Stopping: Thread Group 1-215
2020-07-13 12:09:17,862 INFO o.a.j.t.JMeterThread: Thread finished: Thread Group 1-185
2020-07-13 12:09:17,864 INFO o.a.j.t.JMeterThread: Thread finished: Thread Group 1-218
2020-07-13 12:09:17,862 WARN o.a.j.t.JMeterThread: Interrupting: Thread Group 1-215 sampler: HTTP Request
2020-07-13 12:09:17,870 INFO o.a.j.t.JMeterThread: Stopping: Thread Group 1-187
2020-07-13 12:09:17,870 WARN o.a.j.t.JMeterThread: Interrupting: Thread Group 1-187 sampler: HTTP Request
2020-07-13 12:09:17,870 INFO o.a.j.t.JMeterThread: Thread finished: Thread Group 1-215
2020-07-13 12:09:17,870 INFO o.a.j.t.JMeterThread: Stopping: Thread Group 1-77
2020-07-13 12:09:17,871 WARN o.a.j.t.JMeterThread: Interrupting: Thread Group 1-77 sampler: HTTP Request
2020-07-13 12:09:17,872 INFO o.a.j.t.JMeterThread: Thread finished: Thread Group 1-187
2020-07-13 12:09:17,872 INFO o.a.j.t.JMeterThread: Stopping: Thread Group 1-195
2020-07-13 12:09:17,872 WARN o.a.j.t.JMeterThread: Interrupting: Thread Group 1-195 sampler: HTTP Request
2020-07-13 12:09:17,877 INFO o.a.j.t.JMeterThread: Thread finished: Thread Group 1-77
2020-07-13 12:09:17,879 INFO o.a.j.t.JMeterThread: Stopping: Thread Group 1-164
2020-07-13 12:09:17,879 WARN o.a.j.t.JMeterThread: Interrupting: Thread Group 1-164 sampler: HTTP Request
2020-07-13 12:09:17,880 INFO o.a.j.t.JMeterThread: Thread finished: Thread Group 1-195
2020-07-13 12:09:17,880 INFO o.a.j.t.JMeterThread: Stopping: Thread Group 1-216
2020-07-13 12:09:17,880 WARN o.a.j.t.JMeterThread: Interrupting: Thread Group 1-216 sampler: HTTP Request
2020-07-13 12:09:17,880 INFO o.a.j.t.JMeterThread: Stopping: Thread Group 1-9
2020-07-13 12:09:17,880 WARN o.a.j.t.JMeterThread: Interrupting: Thread Group 1-9 sampler: HTTP Request
2020-07-13 12:09:17,880 INFO o.a.j.t.JMeterThread: Thread finished: Thread Group 1-164
2020-07-13 12:09:17,880 INFO o.a.j.t.JMeterThread: Thread finished: Thread Group 1-216
2020-07-13 12:09:17,880 INFO o.a.j.t.JMeterThread: Stopping: Thread Group 1-140
2020-07-13 12:09:17,881 WARN o.a.j.t.JMeterThread: Interrupting: Thread Group 1-140 sampler: HTTP Request
2020-07-13 12:09:17,881 INFO o.a.j.t.JMeterThread: Thread finished: Thread Group 1-9
2020-07-13 12:09:17,881 INFO o.a.j.t.JMeterThread: Stopping: Thread Group 1-214
2020-07-13 12:09:17,881 WARN o.a.j.t.JMeterThread: Interrupting: Thread Group 1-214 sampler: HTTP Request
2020-07-13 12:09:17,882 INFO o.a.j.t.JMeterThread: Thread finished: Thread Group 1-140
2020-07-13 12:09:17,884 INFO o.a.j.t.JMeterThread: Stopping: Thread Group 1-73
2020-07-13 12:09:17,884 INFO o.a.j.t.JMeterThread: Thread finished: Thread Group 1-214
2020-07-13 12:09:17,884 WARN o.a.j.t.JMeterThread: Interrupting: Thread Group 1-73 sampler: HTTP Request
2020-07-13 12:09:17,886 INFO o.a.j.t.JMeterThread: Stopping: Thread Group 1-162
2020-07-13 12:09:17,886 INFO o.a.j.t.JMeterThread: Thread finished: Thread Group 1-73
2020-07-13 12:09:17,886 WARN o.a.j.t.JMeterThread: Interrupting: Thread Group 1-162 sampler: HTTP Request
2020-07-13 12:09:17,887 INFO o.a.j.t.JMeterThread: Stopping: Thread Group 1-80
2020-07-13 12:09:17,887 WARN o.a.j.t.JMeterThread: Interrupting: Thread Group 1-80 sampler: HTTP Request
2020-07-13 12:09:17,887 INFO o.a.j.t.JMeterThread: Thread finished: Thread Group 1-162
2020-07-13 12:09:17,888 INFO o.a.j.t.JMeterThread: Stopping: Thread Group 1-176
2020-07-13 12:09:17,888 WARN o.a.j.t.JMeterThread: Interrupting: Thread Group 1-176 sampler: HTTP Request
2020-07-13 12:09:17,889 INFO o.a.j.t.JMeterThread: Thread finished: Thread Group 1-80
2020-07-13 12:09:17,889 INFO o.a.j.t.JMeterThread: Stopping: Thread Group 1-89
2020-07-13 12:09:17,889 WARN o.a.j.t.JMeterThread: Interrupting: Thread Group 1-89 sampler: HTTP Request
2020-07-13 12:09:17,889 INFO o.a.j.t.JMeterThread: Thread finished: Thread Group 1-176
2020-07-13 12:09:17,889 INFO o.a.j.t.JMeterThread: Stopping: Thread Group 1-228
2020-07-13 12:09:17,889 WARN o.a.j.t.JMeterThread: Interrupting: Thread Group 1-228 sampler: HTTP Request
2020-07-13 12:09:17,890 INFO o.a.j.t.JMeterThread: Stopping: Thread Group 1-118
2020-07-13 12:09:17,890 INFO o.a.j.t.JMeterThread: Thread finished: Thread Group 1-89
2020-07-13 12:09:17,890 WARN o.a.j.t.JMeterThread: Interrupting: Thread Group 1-118 sampler: HTTP Request
2020-07-13 12:09:17,890 INFO o.a.j.t.JMeterThread: Thread finished: Thread Group 1-228
2020-07-13 12:09:17,902 INFO o.a.j.t.JMeterThread: Thread finished: Thread Group 1-118
2020-07-13 12:09:17,902 INFO o.a.j.t.JMeterThread: Stopping: Thread Group 1-135
2020-07-13 12:09:17,902 WARN o.a.j.t.JMeterThread: Interrupting: Thread Group 1-135 sampler: HTTP Request
2020-07-13 12:09:17,903 INFO o.a.j.t.JMeterThread: Stopping: Thread Group 1-37
2020-07-13 12:09:17,904 WARN o.a.j.t.JMeterThread: Interrupting: Thread Group 1-37 sampler: HTTP Request
2020-07-13 12:09:17,904 INFO o.a.j.t.JMeterThread: Thread finished: Thread Group 1-135
2020-07-13 12:09:17,905 INFO o.a.j.t.JMeterThread: Stopping: Thread Group 1-36
2020-07-13 12:09:17,905 INFO o.a.j.t.JMeterThread: Thread finished: Thread Group 1-37
2020-07-13 12:09:17,905 WARN o.a.j.t.JMeterThread: Interrupting: Thread Group 1-36 sampler: HTTP Request
2020-07-13 12:09:17,949 INFO o.a.j.t.JMeterThread: Stopping: Thread Group 1-191
2020-07-13 12:09:17,949 WARN o.a.j.t.JMeterThread: Interrupting: Thread Group 1-191 sampler: HTTP Request
2020-07-13 12:09:17,958 INFO o.a.j.t.JMeterThread: Stopping: Thread Group 1-224
2020-07-13 12:09:17,959 INFO o.a.j.t.JMeterThread: Stopping: Thread Group 1-145
2020-07-13 12:09:17,959 INFO o.a.j.t.JMeterThread: Stopping: Thread Group 1-245
2020-07-13 12:09:17,959 INFO o.a.j.t.JMeterThread: Stopping: Thread Group 1-53
2020-07-13 12:09:17,959 INFO o.a.j.t.JMeterThread: Stopping: Thread Group 1-171
2020-07-13 12:09:17,959 WARN o.a.j.t.JMeterThread: Interrupting: Thread Group 1-171 sampler: HTTP Request
2020-07-13 12:09:17,961 INFO o.a.j.t.JMeterThread: Stopping: Thread Group 1-57
2020-07-13 12:09:17,961 INFO o.a.j.t.JMeterThread: Stopping: Thread Group 1-75
2020-07-13 12:09:17,962 INFO o.a.j.t.JMeterThread: Stopping: Thread Group 1-226
2020-07-13 12:09:17,962 INFO o.a.j.t.JMeterThread: Stopping: Thread Group 1-128
2020-07-13 12:09:17,962 INFO o.a.j.t.JMeterThread: Stopping: Thread Group 1-50
2020-07-13 12:09:17,962 WARN o.a.j.t.JMeterThread: Interrupting: Thread Group 1-50 sampler: HTTP Request
2020-07-13 12:09:17,968 INFO o.a.j.t.JMeterThread: Stopping: Thread Group 1-3
2020-07-13 12:09:17,968 INFO o.a.j.t.JMeterThread: Stopping: Thread Group 1-18
2020-07-13 12:09:17,968 INFO o.a.j.t.JMeterThread: Stopping: Thread Group 1-154
2020-07-13 12:09:17,968 INFO o.a.j.t.JMeterThread: Stopping: Thread Group 1-4
2020-07-13 12:09:17,968 INFO o.a.j.t.JMeterThread: Stopping: Thread Group 1-63
2020-07-13 12:09:17,969 INFO o.a.j.t.JMeterThread: Stopping: Thread Group 1-138
2020-07-13 12:09:17,969 INFO o.a.j.t.JMeterThread: Stopping: Thread Group 1-94
2020-07-13 12:09:17,969 INFO o.a.j.t.JMeterThread: Stopping: Thread Group 1-211
2020-07-13 12:09:17,969 INFO o.a.j.t.JMeterThread: Stopping: Thread Group 1-26
2020-07-13 12:09:17,969 INFO o.a.j.t.JMeterThread: Stopping: Thread Group 1-240
2020-07-13 12:09:17,969 INFO o.a.j.t.JMeterThread: Stopping: Thread Group 1-81
2020-07-13 12:09:17,969 WARN o.a.j.t.JMeterThread: Interrupting: Thread Group 1-81 sampler: HTTP Request
2020-07-13 12:09:17,979 INFO o.a.j.t.JMeterThread: Stopping: Thread Group 1-142
2020-07-13 12:09:17,979 INFO o.a.j.t.JMeterThread: Stopping: Thread Group 1-242
2020-07-13 12:09:17,980 INFO o.a.j.t.JMeterThread: Stopping: Thread Group 1-69
2020-07-13 12:09:17,980 INFO o.a.j.t.JMeterThread: Stopping: Thread Group 1-146
2020-07-13 12:09:17,980 INFO o.a.j.t.JMeterThread: Stopping: Thread Group 1-8
2020-07-13 12:09:17,980 INFO o.a.j.t.JMeterThread: Stopping: Thread Group 1-39
2020-07-13 12:09:17,980 INFO o.a.j.t.JMeterThread: Stopping: Thread Group 1-16
2020-07-13 12:09:17,980 INFO o.a.j.t.JMeterThread: Stopping: Thread Group 1-20
2020-07-13 12:09:17,980 INFO o.a.j.t.JMeterThread: Stopping: Thread Group 1-123
2020-07-13 12:09:17,980 INFO o.a.j.t.JMeterThread: Stopping: Thread Group 1-35
2020-07-13 12:09:17,981 INFO o.a.j.t.JMeterThread: Stopping: Thread Group 1-25
2020-07-13 12:09:17,981 INFO o.a.j.t.JMeterThread: Stopping: Thread Group 1-182
2020-07-13 12:09:17,981 INFO o.a.j.t.JMeterThread: Stopping: Thread Group 1-235
2020-07-13 12:09:17,981 INFO o.a.j.t.JMeterThread: Stopping: Thread Group 1-97
2020-07-13 12:09:17,981 INFO o.a.j.t.JMeterThread: Stopping: Thread Group 1-91
2020-07-13 12:09:17,981 INFO o.a.j.t.JMeterThread: Stopping: Thread Group 1-72
2020-07-13 12:09:17,981 INFO o.a.j.t.JMeterThread: Stopping: Thread Group 1-38
2020-07-13 12:09:17,981 INFO o.a.j.t.JMeterThread: Stopping: Thread Group 1-102
2020-07-13 12:09:17,981 INFO o.a.j.t.JMeterThread: Stopping: Thread Group 1-125
2020-07-13 12:09:17,981 INFO o.a.j.t.JMeterThread: Stopping: Thread Group 1-239
2020-07-13 12:09:17,981 INFO o.a.j.t.JMeterThread: Stopping: Thread Group 1-14
2020-07-13 12:09:17,981 INFO o.a.j.t.JMeterThread: Stopping: Thread Group 1-210
2020-07-13 12:09:17,981 INFO o.a.j.t.JMeterThread: Stopping: Thread Group 1-213
2020-07-13 12:09:17,982 INFO o.a.j.t.JMeterThread: Stopping: Thread Group 1-28
2020-07-13 12:09:17,982 INFO o.a.j.t.JMeterThread: Stopping: Thread Group 1-230
2020-07-13 12:09:17,982 INFO o.a.j.t.JMeterThread: Stopping: Thread Group 1-179
2020-07-13 12:09:17,982 INFO o.a.j.t.JMeterThread: Stopping: Thread Group 1-148
2020-07-13 12:09:17,982 INFO o.a.j.t.JMeterThread: Stopping: Thread Group 1-149
2020-07-13 12:09:17,982 WARN o.a.j.t.JMeterThread: Interrupting: Thread Group 1-149 sampler: HTTP Request
2020-07-13 12:09:17,986 INFO o.a.j.t.JMeterThread: Stopping: Thread Group 1-126
2020-07-13 12:09:17,987 INFO o.a.j.t.JMeterThread: Stopping: Thread Group 1-161
2020-07-13 12:09:17,987 INFO o.a.j.t.JMeterThread: Stopping: Thread Group 1-136
2020-07-13 12:09:17,987 INFO o.a.j.t.JMeterThread: Stopping: Thread Group 1-106
2020-07-13 12:09:17,987 INFO o.a.j.t.JMeterThread: Stopping: Thread Group 1-220
2020-07-13 12:09:17,988 INFO o.a.j.t.JMeterThread: Stopping: Thread Group 1-189
2020-07-13 12:09:17,988 INFO o.a.j.t.JMeterThread: Stopping: Thread Group 1-70
2020-07-13 12:09:17,988 INFO o.a.j.t.JMeterThread: Stopping: Thread Group 1-65
2020-07-13 12:09:17,988 INFO o.a.j.t.JMeterThread: Stopping: Thread Group 1-232
2020-07-13 12:09:17,988 INFO o.a.j.t.JMeterThread: Stopping: Thread Group 1-40
2020-07-13 12:09:17,988 INFO o.a.j.t.JMeterThread: Stopping: Thread Group 1-158
2020-07-13 12:09:17,988 INFO o.a.j.t.JMeterThread: Stopping: Thread Group 1-236
2020-07-13 12:09:17,988 INFO o.a.j.t.JMeterThread: Stopping: Thread Group 1-82
2020-07-13 12:09:17,989 INFO o.a.j.t.JMeterThread: Stopping: Thread Group 1-133
2020-07-13 12:09:17,989 INFO o.a.j.t.JMeterThread: Stopping: Thread Group 1-190
2020-07-13 12:09:17,989 INFO o.a.j.t.JMeterThread: Stopping: Thread Group 1-237
2020-07-13 12:09:17,989 INFO o.a.j.t.JMeterThread: Stopping: Thread Group 1-33
2020-07-13 12:09:17,989 INFO o.a.j.t.JMeterThread: Stopping: Thread Group 1-244
2020-07-13 12:09:17,989 INFO o.a.j.t.JMeterThread: Stopping: Thread Group 1-29
2020-07-13 12:09:17,989 INFO o.a.j.t.JMeterThread: Stopping: Thread Group 1-74
2020-07-13 12:09:17,989 INFO o.a.j.t.JMeterThread: Stopping: Thread Group 1-78
2020-07-13 12:09:17,989 INFO o.a.j.t.JMeterThread: Stopping: Thread Group 1-105
2020-07-13 12:09:17,989 INFO o.a.j.t.JMeterThread: Stopping: Thread Group 1-11
2020-07-13 12:09:17,990 INFO o.a.j.t.JMeterThread: Stopping: Thread Group 1-52
2020-07-13 12:09:17,990 INFO o.a.j.t.JMeterThread: Stopping: Thread Group 1-207
2020-07-13 12:09:17,990 INFO o.a.j.t.JMeterThread: Stopping: Thread Group 1-248
2020-07-13 12:09:17,990 INFO o.a.j.t.JMeterThread: Stopping: Thread Group 1-150
2020-07-13 12:09:17,990 INFO o.a.j.t.JMeterThread: Stopping: Thread Group 1-24
2020-07-13 12:09:17,990 INFO o.a.j.t.JMeterThread: Stopping: Thread Group 1-64
2020-07-13 12:09:17,990 INFO o.a.j.t.JMeterThread: Stopping: Thread Group 1-76
2020-07-13 12:09:17,990 INFO o.a.j.t.JMeterThread: Stopping: Thread Group 1-152
2020-07-13 12:09:17,990 INFO o.a.j.t.JMeterThread: Stopping: Thread Group 1-34
2020-07-13 12:09:17,991 INFO o.a.j.t.JMeterThread: Stopping: Thread Group 1-155
2020-07-13 12:09:17,991 INFO o.a.j.t.JMeterThread: Stopping: Thread Group 1-113
2020-07-13 12:09:17,991 INFO o.a.j.t.JMeterThread: Stopping: Thread Group 1-219
2020-07-13 12:09:17,991 INFO o.a.j.t.JMeterThread: Stopping: Thread Group 1-58
2020-07-13 12:09:17,991 INFO o.a.j.t.JMeterThread: Stopping: Thread Group 1-101
2020-07-13 12:09:17,991 INFO o.a.j.t.JMeterThread: Stopping: Thread Group 1-168
2020-07-13 12:09:17,991 INFO o.a.j.t.JMeterThread: Stopping: Thread Group 1-157
2020-07-13 12:09:17,991 INFO o.a.j.t.JMeterThread: Stopping: Thread Group 1-22
2020-07-13 12:09:17,991 INFO o.a.j.t.JMeterThread: Stopping: Thread Group 1-90
2020-07-13 12:09:17,991 INFO o.a.j.t.JMeterThread: Stopping: Thread Group 1-67
2020-07-13 12:09:17,991 INFO o.a.j.t.JMeterThread: Stopping: Thread Group 1-178
2020-07-13 12:09:17,992 INFO o.a.j.t.JMeterThread: Stopping: Thread Group 1-46
2020-07-13 12:09:17,992 INFO o.a.j.t.JMeterThread: Stopping: Thread Group 1-199
2020-07-13 12:09:17,992 INFO o.a.j.t.JMeterThread: Stopping: Thread Group 1-61
2020-07-13 12:09:17,992 INFO o.a.j.t.JMeterThread: Stopping: Thread Group 1-147
2020-07-13 12:09:17,992 INFO o.a.j.t.JMeterThread: Stopping: Thread Group 1-119
2020-07-13 12:09:17,992 INFO o.a.j.t.JMeterThread: Stopping: Thread Group 1-139
2020-07-13 12:09:17,992 INFO o.a.j.t.JMeterThread: Stopping: Thread Group 1-51
2020-07-13 12:09:17,992 INFO o.a.j.t.JMeterThread: Stopping: Thread Group 1-100
2020-07-13 12:09:17,992 INFO o.a.j.t.JMeterThread: Stopping: Thread Group 1-83
2020-07-13 12:09:17,992 INFO o.a.j.t.JMeterThread: Thread finished: Thread Group 1-182
2020-07-13 12:09:17,992 INFO o.a.j.t.JMeterThread: Thread finished: Thread Group 1-168
2020-07-13 12:09:17,992 INFO o.a.j.t.JMeterThread: Thread finished: Thread Group 1-36
2020-07-13 12:09:17,993 INFO o.a.j.t.JMeterThread: Thread finished: Thread Group 1-102
2020-07-13 12:09:17,993 INFO o.a.j.t.JMeterThread: Thread finished: Thread Group 1-3
2020-07-13 12:09:17,993 INFO o.a.j.t.JMeterThread: Thread finished: Thread Group 1-69
2020-07-13 12:09:17,993 INFO o.a.j.t.JMeterThread: Thread finished: Thread Group 1-157
2020-07-13 12:09:17,993 INFO o.a.j.t.JMeterThread: Thread finished: Thread Group 1-128
2020-07-13 12:09:17,994 INFO o.a.j.t.JMeterThread: Thread finished: Thread Group 1-145
2020-07-13 12:09:17,994 INFO o.a.j.t.JMeterThread: Thread finished: Thread Group 1-65
2020-07-13 12:09:17,994 INFO o.a.j.t.JMeterThread: Thread finished: Thread Group 1-237
2020-07-13 12:09:17,994 INFO o.a.j.t.JMeterThread: Thread finished: Thread Group 1-158
2020-07-13 12:09:17,996 INFO o.a.j.t.JMeterThread: Thread finished: Thread Group 1-139
2020-07-13 12:09:17,996 INFO o.a.j.t.JMeterThread: Thread finished: Thread Group 1-244
2020-07-13 12:09:17,996 INFO o.a.j.t.JMeterThread: Thread finished: Thread Group 1-136
2020-07-13 12:09:17,996 INFO o.a.j.t.JMeterThread: Thread finished: Thread Group 1-28
2020-07-13 12:09:17,997 INFO o.a.j.t.JMeterThread: Thread finished: Thread Group 1-33
2020-07-13 12:09:17,997 INFO o.a.j.t.JMeterThread: Thread finished: Thread Group 1-58
2020-07-13 12:09:17,997 INFO o.a.j.t.JMeterThread: Thread finished: Thread Group 1-51
2020-07-13 12:09:17,997 INFO o.a.j.t.JMeterThread: Thread finished: Thread Group 1-46
2020-07-13 12:09:17,998 INFO o.a.j.t.JMeterThread: Thread finished: Thread Group 1-207
2020-07-13 12:09:17,998 INFO o.a.j.t.JMeterThread: Thread finished: Thread Group 1-220
2020-07-13 12:09:17,998 INFO o.a.j.t.JMeterThread: Thread finished: Thread Group 1-34
2020-07-13 12:09:17,998 INFO o.a.j.t.JMeterThread: Thread finished: Thread Group 1-230
2020-07-13 12:09:17,998 INFO o.a.j.t.JMeterThread: Thread finished: Thread Group 1-39
2020-07-13 12:09:17,999 INFO o.a.j.t.JMeterThread: Thread finished: Thread Group 1-189
2020-07-13 12:09:17,999 INFO o.a.j.t.JMeterThread: Thread finished: Thread Group 1-101
2020-07-13 12:09:18,000 INFO o.a.j.t.JMeterThread: Thread finished: Thread Group 1-125
2020-07-13 12:09:18,000 INFO o.a.j.t.JMeterThread: Thread finished: Thread Group 1-240
2020-07-13 12:09:18,000 INFO o.a.j.t.JMeterThread: Thread finished: Thread Group 1-179
2020-07-13 12:09:18,000 INFO o.a.j.t.JMeterThread: Thread finished: Thread Group 1-142
2020-07-13 12:09:18,001 INFO o.a.j.t.JMeterThread: Thread finished: Thread Group 1-8
2020-07-13 12:09:18,001 INFO o.a.j.t.JMeterThread: Thread finished: Thread Group 1-148
2020-07-13 12:09:18,001 INFO o.a.j.t.JMeterThread: Thread finished: Thread Group 1-16
2020-07-13 12:09:18,001 INFO o.a.j.t.JMeterThread: Thread finished: Thread Group 1-123
2020-07-13 12:09:18,001 INFO o.a.j.t.JMeterThread: Thread finished: Thread Group 1-210
2020-07-13 12:09:18,001 INFO o.a.j.t.JMeterThread: Thread finished: Thread Group 1-239
2020-07-13 12:09:18,002 INFO o.a.j.t.JMeterThread: Thread finished: Thread Group 1-22
2020-07-13 12:09:18,002 INFO o.a.j.t.JMeterThread: Thread finished: Thread Group 1-90
2020-07-13 12:09:18,002 INFO o.a.j.t.JMeterThread: Thread finished: Thread Group 1-83
2020-07-13 12:09:18,002 INFO o.a.j.t.JMeterThread: Thread finished: Thread Group 1-67
2020-07-13 12:09:18,002 INFO o.a.j.t.JMeterThread: Thread finished: Thread Group 1-248
2020-07-13 12:09:18,003 INFO o.a.j.t.JMeterThread: Thread finished: Thread Group 1-18
2020-07-13 12:09:18,003 INFO o.a.j.t.JMeterThread: Thread finished: Thread Group 1-219
2020-07-13 12:09:18,003 INFO o.a.j.t.JMeterThread: Thread finished: Thread Group 1-94
2020-07-13 12:09:18,003 INFO o.a.j.t.JMeterThread: Thread finished: Thread Group 1-161
2020-07-13 12:09:18,003 INFO o.a.j.t.JMeterThread: Thread finished: Thread Group 1-224
2020-07-13 12:09:18,003 INFO o.a.j.t.JMeterThread: Thread finished: Thread Group 1-61
2020-07-13 12:09:18,004 INFO o.a.j.t.JMeterThread: Thread finished: Thread Group 1-40
2020-07-13 12:09:18,004 INFO o.a.j.t.JMeterThread: Thread finished: Thread Group 1-24
2020-07-13 12:09:18,004 INFO o.a.j.t.JMeterThread: Thread finished: Thread Group 1-63
2020-07-13 12:09:18,004 INFO o.a.j.t.JMeterThread: Thread finished: Thread Group 1-97
2020-07-13 12:09:18,004 INFO o.a.j.t.JMeterThread: Thread finished: Thread Group 1-78
2020-07-13 12:09:18,005 INFO o.a.j.t.JMeterThread: Thread finished: Thread Group 1-190
2020-07-13 12:09:18,005 INFO o.a.j.t.JMeterThread: Thread finished: Thread Group 1-155
2020-07-13 12:09:18,005 INFO o.a.j.t.JMeterThread: Thread finished: Thread Group 1-74
2020-07-13 12:09:18,005 INFO o.a.j.t.JMeterThread: Thread finished: Thread Group 1-126
2020-07-13 12:09:18,005 INFO o.a.j.t.JMeterThread: Thread finished: Thread Group 1-75
2020-07-13 12:09:18,005 INFO o.a.j.t.JMeterThread: Thread finished: Thread Group 1-119
2020-07-13 12:09:18,006 INFO o.a.j.t.JMeterThread: Thread finished: Thread Group 1-113
2020-07-13 12:09:18,006 INFO o.a.j.t.JMeterThread: Thread finished: Thread Group 1-70
2020-07-13 12:09:18,006 INFO o.a.j.t.JMeterThread: Thread finished: Thread Group 1-226
2020-07-13 12:09:18,006 INFO o.a.j.t.JMeterThread: Thread finished: Thread Group 1-57
2020-07-13 12:09:18,007 INFO o.a.j.t.JMeterThread: Thread finished: Thread Group 1-38
2020-07-13 12:09:18,007 INFO o.a.j.t.JMeterThread: Thread finished: Thread Group 1-105
2020-07-13 12:09:18,007 INFO o.a.j.t.JMeterThread: Thread finished: Thread Group 1-106
2020-07-13 12:09:18,007 INFO o.a.j.t.JMeterThread: Thread finished: Thread Group 1-14
2020-07-13 12:09:18,007 INFO o.a.j.t.JMeterThread: Thread finished: Thread Group 1-242
2020-07-13 12:09:18,008 INFO o.a.j.t.JMeterThread: Thread finished: Thread Group 1-72
2020-07-13 12:09:18,008 INFO o.a.j.t.JMeterThread: Thread finished: Thread Group 1-191
2020-07-13 12:09:18,008 INFO o.a.j.t.JMeterThread: Thread finished: Thread Group 1-152
2020-07-13 12:09:18,008 INFO o.a.j.t.JMeterThread: Thread finished: Thread Group 1-146
2020-07-13 12:09:18,009 INFO o.a.j.t.JMeterThread: Thread finished: Thread Group 1-213
2020-07-13 12:09:18,009 INFO o.a.j.t.JMeterThread: Thread finished: Thread Group 1-171
2020-07-13 12:09:18,009 INFO o.a.j.t.JMeterThread: Thread finished: Thread Group 1-52
2020-07-13 12:09:18,009 INFO o.a.j.t.JMeterThread: Thread finished: Thread Group 1-4
2020-07-13 12:09:18,009 INFO o.a.j.t.JMeterThread: Thread finished: Thread Group 1-100
2020-07-13 12:09:18,009 INFO o.a.j.t.JMeterThread: Thread finished: Thread Group 1-236
2020-07-13 12:09:18,009 INFO o.a.j.t.JMeterThread: Thread finished: Thread Group 1-20
2020-07-13 12:09:18,010 INFO o.a.j.t.JMeterThread: Thread finished: Thread Group 1-154
2020-07-13 12:09:18,010 INFO o.a.j.t.JMeterThread: Thread finished: Thread Group 1-82
2020-07-13 12:09:18,010 INFO o.a.j.t.JMeterThread: Thread finished: Thread Group 1-199
2020-07-13 12:09:18,010 INFO o.a.j.t.JMeterThread: Thread finished: Thread Group 1-91
2020-07-13 12:09:18,011 INFO o.a.j.t.JMeterThread: Thread finished: Thread Group 1-76
2020-07-13 12:09:18,011 INFO o.a.j.t.JMeterThread: Thread finished: Thread Group 1-64
2020-07-13 12:09:18,011 INFO o.a.j.t.JMeterThread: Thread finished: Thread Group 1-26
2020-07-13 12:09:18,011 INFO o.a.j.t.JMeterThread: Thread finished: Thread Group 1-138
2020-07-13 12:09:18,011 INFO o.a.j.t.JMeterThread: Thread finished: Thread Group 1-35
2020-07-13 12:09:18,011 INFO o.a.j.t.JMeterThread: Thread finished: Thread Group 1-235
2020-07-13 12:09:18,011 INFO o.a.j.t.JMeterThread: Thread finished: Thread Group 1-29
2020-07-13 12:09:18,011 INFO o.a.j.t.JMeterThread: Thread finished: Thread Group 1-211
2020-07-13 12:09:18,012 INFO o.a.j.t.JMeterThread: Thread finished: Thread Group 1-150
2020-07-13 12:09:18,012 INFO o.a.j.t.JMeterThread: Thread finished: Thread Group 1-50
2020-07-13 12:09:18,012 INFO o.a.j.t.JMeterThread: Thread finished: Thread Group 1-81
2020-07-13 12:09:18,012 INFO o.a.j.t.JMeterThread: Thread finished: Thread Group 1-53
2020-07-13 12:09:18,013 INFO o.a.j.t.JMeterThread: Thread finished: Thread Group 1-149
2020-07-13 12:09:18,013 INFO o.a.j.t.JMeterThread: Thread finished: Thread Group 1-232
2020-07-13 12:09:18,013 INFO o.a.j.t.JMeterThread: Thread finished: Thread Group 1-25
2020-07-13 12:09:18,013 INFO o.a.j.t.JMeterThread: Thread finished: Thread Group 1-147
2020-07-13 12:09:18,014 INFO o.a.j.t.JMeterThread: Thread finished: Thread Group 1-178
2020-07-13 12:09:18,014 INFO o.a.j.t.JMeterThread: Thread finished: Thread Group 1-133
2020-07-13 12:09:18,014 INFO o.a.j.t.JMeterThread: Thread finished: Thread Group 1-245
2020-07-13 12:09:18,008 INFO o.a.j.t.JMeterThread: Thread finished: Thread Group 1-11
2020-07-13 12:09:18,016 INFO o.a.j.e.StandardJMeterEngine: Notifying test listeners of end of test
2020-07-13 12:09:18,017 INFO o.a.j.g.u.JMeterMenuBar: setRunning(false, *local*)
